<?xml version="1.0" encoding="UTF-8"?>
<testng-results skipped="0" failed="0" total="6" passed="6">
  <reporter-output>
    <line>
      <![CDATA[id1: 5743437607568435838976]]>
    </line>
    <line>
      <![CDATA[id2: 5743437607568435838976]]>
    </line>
    <line>
      <![CDATA[id1: 5743437607577025773568]]>
    </line>
    <line>
      <![CDATA[id2: 5743437607577025773568]]>
    </line>
    <line>
      <![CDATA[id1: 5743437607577025773569]]>
    </line>
    <line>
      <![CDATA[id2: 5743437607577025773569]]>
    </line>
    <line>
      <![CDATA[id1: 5743437607577025773570]]>
    </line>
    <line>
      <![CDATA[id2: 5743437607577025773570]]>
    </line>
    <line>
      <![CDATA[id1: 5743437607581320740864]]>
    </line>
    <line>
      <![CDATA[id2: 5743437607581320740864]]>
    </line>
    <line>
      <![CDATA[id1: 5743437607581320740865]]>
    </line>
    <line>
      <![CDATA[id2: 5743437607581320740865]]>
    </line>
    <line>
      <![CDATA[id1: 5743437607581320740866]]>
    </line>
    <line>
      <![CDATA[id2: 5743437607581320740866]]>
    </line>
    <line>
      <![CDATA[id1: 5743437607581320740867]]>
    </line>
    <line>
      <![CDATA[id2: 5743437607581320740867]]>
    </line>
    <line>
      <![CDATA[id1: 5743437607581320740868]]>
    </line>
    <line>
      <![CDATA[id2: 5743437607581320740868]]>
    </line>
    <line>
      <![CDATA[id1: 5743437607581320740869]]>
    </line>
    <line>
      <![CDATA[id2: 5743437607581320740869]]>
    </line>
    <line>
      <![CDATA[id1: 5743437607585615708160]]>
    </line>
    <line>
      <![CDATA[id2: 5743437607585615708160]]>
    </line>
    <line>
      <![CDATA[id1: 5743437607585615708161]]>
    </line>
    <line>
      <![CDATA[id2: 5743437607585615708161]]>
    </line>
    <line>
      <![CDATA[id1: 5743437607585615708162]]>
    </line>
    <line>
      <![CDATA[id2: 5743437607585615708162]]>
    </line>
    <line>
      <![CDATA[id1: 5743437607585615708163]]>
    </line>
    <line>
      <![CDATA[id2: 5743437607585615708163]]>
    </line>
    <line>
      <![CDATA[id1: 5743437607585615708164]]>
    </line>
    <line>
      <![CDATA[id2: 5743437607585615708164]]>
    </line>
    <line>
      <![CDATA[id1: 5743437607589910675456]]>
    </line>
    <line>
      <![CDATA[id2: 5743437607589910675456]]>
    </line>
    <line>
      <![CDATA[id1: 5743437607589910675457]]>
    </line>
    <line>
      <![CDATA[id2: 5743437607589910675457]]>
    </line>
    <line>
      <![CDATA[id1: 5743437607589910675458]]>
    </line>
    <line>
      <![CDATA[id2: 5743437607589910675458]]>
    </line>
    <line>
      <![CDATA[id1: 5743437607589910675459]]>
    </line>
    <line>
      <![CDATA[id2: 5743437607589910675459]]>
    </line>
    <line>
      <![CDATA[id1: 5743437607589910675460]]>
    </line>
    <line>
      <![CDATA[id2: 5743437607589910675460]]>
    </line>
    <line>
      <![CDATA[id1: 5743437607589910675461]]>
    </line>
    <line>
      <![CDATA[id2: 5743437607589910675461]]>
    </line>
    <line>
      <![CDATA[id1: 5743437607594205642752]]>
    </line>
    <line>
      <![CDATA[id2: 5743437607594205642752]]>
    </line>
    <line>
      <![CDATA[id1: 5743437607594205642753]]>
    </line>
    <line>
      <![CDATA[id2: 5743437607594205642753]]>
    </line>
    <line>
      <![CDATA[id1: 5743437607594205642754]]>
    </line>
    <line>
      <![CDATA[id2: 5743437607594205642754]]>
    </line>
    <line>
      <![CDATA[id1: 5743437607594205642755]]>
    </line>
    <line>
      <![CDATA[id2: 5743437607594205642755]]>
    </line>
    <line>
      <![CDATA[id1: 5743437607594205642756]]>
    </line>
    <line>
      <![CDATA[id2: 5743437607594205642756]]>
    </line>
    <line>
      <![CDATA[id1: 5743437607598500610048]]>
    </line>
    <line>
      <![CDATA[id2: 5743437607598500610048]]>
    </line>
    <line>
      <![CDATA[id1: 5743437607598500610049]]>
    </line>
    <line>
      <![CDATA[id2: 5743437607598500610049]]>
    </line>
    <line>
      <![CDATA[id1: 5743437607598500610050]]>
    </line>
    <line>
      <![CDATA[id2: 5743437607598500610050]]>
    </line>
    <line>
      <![CDATA[id1: 5743437607598500610051]]>
    </line>
    <line>
      <![CDATA[id2: 5743437607598500610051]]>
    </line>
    <line>
      <![CDATA[id1: 5743437607598500610052]]>
    </line>
    <line>
      <![CDATA[id2: 5743437607598500610052]]>
    </line>
    <line>
      <![CDATA[id1: 5743437607602795577344]]>
    </line>
    <line>
      <![CDATA[id2: 5743437607602795577344]]>
    </line>
    <line>
      <![CDATA[id1: 5743437607602795577345]]>
    </line>
    <line>
      <![CDATA[id2: 5743437607602795577345]]>
    </line>
    <line>
      <![CDATA[id1: 5743437607602795577346]]>
    </line>
    <line>
      <![CDATA[id2: 5743437607602795577346]]>
    </line>
    <line>
      <![CDATA[id1: 5743437607602795577347]]>
    </line>
    <line>
      <![CDATA[id2: 5743437607602795577347]]>
    </line>
    <line>
      <![CDATA[id1: 5743437607602795577348]]>
    </line>
    <line>
      <![CDATA[id2: 5743437607602795577348]]>
    </line>
    <line>
      <![CDATA[id1: 5743437607602795577349]]>
    </line>
    <line>
      <![CDATA[id2: 5743437607602795577349]]>
    </line>
    <line>
      <![CDATA[id1: 5743437607607090544640]]>
    </line>
    <line>
      <![CDATA[id2: 5743437607607090544640]]>
    </line>
    <line>
      <![CDATA[id1: 5743437607607090544641]]>
    </line>
    <line>
      <![CDATA[id2: 5743437607607090544641]]>
    </line>
    <line>
      <![CDATA[id1: 5743437607607090544642]]>
    </line>
    <line>
      <![CDATA[id2: 5743437607607090544642]]>
    </line>
    <line>
      <![CDATA[id1: 5743437607607090544643]]>
    </line>
    <line>
      <![CDATA[id2: 5743437607607090544643]]>
    </line>
    <line>
      <![CDATA[id1: 5743437607607090544644]]>
    </line>
    <line>
      <![CDATA[id2: 5743437607607090544644]]>
    </line>
    <line>
      <![CDATA[id1: 5743437607607090544645]]>
    </line>
    <line>
      <![CDATA[id2: 5743437607607090544645]]>
    </line>
    <line>
      <![CDATA[id1: 5743437607607090544646]]>
    </line>
    <line>
      <![CDATA[id2: 5743437607607090544646]]>
    </line>
    <line>
      <![CDATA[id1: 5743437607611385511936]]>
    </line>
    <line>
      <![CDATA[id2: 5743437607611385511936]]>
    </line>
    <line>
      <![CDATA[id1: 5743437607611385511937]]>
    </line>
    <line>
      <![CDATA[id2: 5743437607611385511937]]>
    </line>
    <line>
      <![CDATA[id1: 5743437607611385511938]]>
    </line>
    <line>
      <![CDATA[id2: 5743437607611385511938]]>
    </line>
    <line>
      <![CDATA[id1: 5743437607611385511939]]>
    </line>
    <line>
      <![CDATA[id2: 5743437607611385511939]]>
    </line>
    <line>
      <![CDATA[id1: 5743437607611385511940]]>
    </line>
    <line>
      <![CDATA[id2: 5743437607611385511940]]>
    </line>
    <line>
      <![CDATA[id1: 5743437607611385511941]]>
    </line>
    <line>
      <![CDATA[id2: 5743437607611385511941]]>
    </line>
    <line>
      <![CDATA[id1: 5743437607611385511942]]>
    </line>
    <line>
      <![CDATA[id2: 5743437607611385511942]]>
    </line>
    <line>
      <![CDATA[id1: 5743437607611385511943]]>
    </line>
    <line>
      <![CDATA[id2: 5743437607611385511943]]>
    </line>
    <line>
      <![CDATA[id1: 5743437607615680479232]]>
    </line>
    <line>
      <![CDATA[id2: 5743437607615680479232]]>
    </line>
    <line>
      <![CDATA[id1: 5743437607615680479233]]>
    </line>
    <line>
      <![CDATA[id2: 5743437607615680479233]]>
    </line>
    <line>
      <![CDATA[id1: 5743437607615680479234]]>
    </line>
    <line>
      <![CDATA[id2: 5743437607615680479234]]>
    </line>
    <line>
      <![CDATA[id1: 5743437607615680479235]]>
    </line>
    <line>
      <![CDATA[id2: 5743437607615680479235]]>
    </line>
    <line>
      <![CDATA[id1: 5743437607615680479236]]>
    </line>
    <line>
      <![CDATA[id2: 5743437607615680479236]]>
    </line>
    <line>
      <![CDATA[id1: 5743437607615680479237]]>
    </line>
    <line>
      <![CDATA[id2: 5743437607615680479237]]>
    </line>
    <line>
      <![CDATA[id1: 5743437607615680479238]]>
    </line>
    <line>
      <![CDATA[id2: 5743437607615680479238]]>
    </line>
    <line>
      <![CDATA[id1: 5743437607615680479239]]>
    </line>
    <line>
      <![CDATA[id2: 5743437607615680479239]]>
    </line>
    <line>
      <![CDATA[id1: 5743437607619975446528]]>
    </line>
    <line>
      <![CDATA[id2: 5743437607619975446528]]>
    </line>
    <line>
      <![CDATA[id1: 5743437607619975446529]]>
    </line>
    <line>
      <![CDATA[id2: 5743437607619975446529]]>
    </line>
    <line>
      <![CDATA[id1: 5743437607619975446530]]>
    </line>
    <line>
      <![CDATA[id2: 5743437607619975446530]]>
    </line>
    <line>
      <![CDATA[id1: 5743437607619975446531]]>
    </line>
    <line>
      <![CDATA[id2: 5743437607619975446531]]>
    </line>
    <line>
      <![CDATA[id1: 5743437607619975446532]]>
    </line>
    <line>
      <![CDATA[id2: 5743437607619975446532]]>
    </line>
    <line>
      <![CDATA[id1: 5743437607619975446533]]>
    </line>
    <line>
      <![CDATA[id2: 5743437607619975446533]]>
    </line>
    <line>
      <![CDATA[id1: 5743437607619975446534]]>
    </line>
    <line>
      <![CDATA[id2: 5743437607619975446534]]>
    </line>
    <line>
      <![CDATA[id1: 5743437607619975446535]]>
    </line>
    <line>
      <![CDATA[id2: 5743437607619975446535]]>
    </line>
    <line>
      <![CDATA[id1: 5743437607619975446536]]>
    </line>
    <line>
      <![CDATA[id2: 5743437607619975446536]]>
    </line>
    <line>
      <![CDATA[id1: 5743437607624270413824]]>
    </line>
    <line>
      <![CDATA[id2: 5743437607624270413824]]>
    </line>
    <line>
      <![CDATA[id1: 5743437607624270413825]]>
    </line>
    <line>
      <![CDATA[id2: 5743437607624270413825]]>
    </line>
    <line>
      <![CDATA[id1: 5743437607624270413826]]>
    </line>
    <line>
      <![CDATA[id2: 5743437607624270413826]]>
    </line>
    <line>
      <![CDATA[id1: 5743437607624270413827]]>
    </line>
    <line>
      <![CDATA[id2: 5743437607624270413827]]>
    </line>
    <line>
      <![CDATA[id1: 5743437607624270413828]]>
    </line>
    <line>
      <![CDATA[id2: 5743437607624270413828]]>
    </line>
    <line>
      <![CDATA[id1: 5743437607624270413829]]>
    </line>
    <line>
      <![CDATA[id2: 5743437607624270413829]]>
    </line>
    <line>
      <![CDATA[id1: 5743437607624270413830]]>
    </line>
    <line>
      <![CDATA[id2: 5743437607624270413830]]>
    </line>
    <line>
      <![CDATA[id1: 5743437607628565381120]]>
    </line>
    <line>
      <![CDATA[id2: 5743437607628565381120]]>
    </line>
    <line>
      <![CDATA[id1: 5743437607628565381121]]>
    </line>
    <line>
      <![CDATA[id2: 5743437607628565381121]]>
    </line>
    <line>
      <![CDATA[id1: 5743437607628565381122]]>
    </line>
    <line>
      <![CDATA[id2: 5743437607628565381122]]>
    </line>
    <line>
      <![CDATA[id1: 5743437607628565381123]]>
    </line>
    <line>
      <![CDATA[id2: 5743437607628565381123]]>
    </line>
    <line>
      <![CDATA[id1: 5743437607628565381124]]>
    </line>
    <line>
      <![CDATA[id2: 5743437607628565381124]]>
    </line>
    <line>
      <![CDATA[id1: 5743437607628565381125]]>
    </line>
    <line>
      <![CDATA[id2: 5743437607628565381125]]>
    </line>
    <line>
      <![CDATA[id1: 5743437607628565381126]]>
    </line>
    <line>
      <![CDATA[id2: 5743437607628565381126]]>
    </line>
    <line>
      <![CDATA[id1: 5743437607628565381127]]>
    </line>
    <line>
      <![CDATA[id2: 5743437607628565381127]]>
    </line>
    <line>
      <![CDATA[id1: 5743437607632860348416]]>
    </line>
    <line>
      <![CDATA[id2: 5743437607632860348416]]>
    </line>
    <line>
      <![CDATA[id1: 5743437607632860348417]]>
    </line>
    <line>
      <![CDATA[id2: 5743437607632860348417]]>
    </line>
    <line>
      <![CDATA[id1: 5743437607632860348418]]>
    </line>
    <line>
      <![CDATA[id2: 5743437607632860348418]]>
    </line>
    <line>
      <![CDATA[id1: 5743437607632860348419]]>
    </line>
    <line>
      <![CDATA[id2: 5743437607632860348419]]>
    </line>
    <line>
      <![CDATA[id1: 5743437607632860348420]]>
    </line>
    <line>
      <![CDATA[id2: 5743437607632860348420]]>
    </line>
    <line>
      <![CDATA[id1: 5743437607632860348421]]>
    </line>
    <line>
      <![CDATA[id2: 5743437607632860348421]]>
    </line>
    <line>
      <![CDATA[id1: 5743437607632860348422]]>
    </line>
    <line>
      <![CDATA[id2: 5743437607632860348422]]>
    </line>
    <line>
      <![CDATA[id1: 5743437607632860348423]]>
    </line>
    <line>
      <![CDATA[id2: 5743437607632860348423]]>
    </line>
    <line>
      <![CDATA[id1: 5743437607637155315712]]>
    </line>
    <line>
      <![CDATA[id2: 5743437607637155315712]]>
    </line>
    <line>
      <![CDATA[id1: 5743437607637155315713]]>
    </line>
    <line>
      <![CDATA[id2: 5743437607637155315713]]>
    </line>
    <line>
      <![CDATA[id1: 5743437607637155315714]]>
    </line>
    <line>
      <![CDATA[id2: 5743437607637155315714]]>
    </line>
    <line>
      <![CDATA[id1: 5743437607637155315715]]>
    </line>
    <line>
      <![CDATA[id2: 5743437607637155315715]]>
    </line>
    <line>
      <![CDATA[id1: 5743437607637155315716]]>
    </line>
    <line>
      <![CDATA[id2: 5743437607637155315716]]>
    </line>
    <line>
      <![CDATA[id1: 5743437607637155315717]]>
    </line>
    <line>
      <![CDATA[id2: 5743437607637155315717]]>
    </line>
    <line>
      <![CDATA[id1: 5743437607637155315718]]>
    </line>
    <line>
      <![CDATA[id2: 5743437607637155315718]]>
    </line>
    <line>
      <![CDATA[id1: 5743437607637155315719]]>
    </line>
    <line>
      <![CDATA[id2: 5743437607637155315719]]>
    </line>
    <line>
      <![CDATA[id1: 5743437607637155315720]]>
    </line>
    <line>
      <![CDATA[id2: 5743437607637155315720]]>
    </line>
    <line>
      <![CDATA[id1: 5743437607641450283008]]>
    </line>
    <line>
      <![CDATA[id2: 5743437607641450283008]]>
    </line>
    <line>
      <![CDATA[id1: 5743437607641450283009]]>
    </line>
    <line>
      <![CDATA[id2: 5743437607641450283009]]>
    </line>
    <line>
      <![CDATA[id1: 5743437607641450283010]]>
    </line>
    <line>
      <![CDATA[id2: 5743437607641450283010]]>
    </line>
    <line>
      <![CDATA[id1: 5743437607641450283011]]>
    </line>
    <line>
      <![CDATA[id2: 5743437607641450283011]]>
    </line>
    <line>
      <![CDATA[id1: 5743437607641450283012]]>
    </line>
    <line>
      <![CDATA[id2: 5743437607641450283012]]>
    </line>
    <line>
      <![CDATA[id1: 5743437607641450283013]]>
    </line>
    <line>
      <![CDATA[id2: 5743437607641450283013]]>
    </line>
    <line>
      <![CDATA[id1: 5743437607645745250304]]>
    </line>
    <line>
      <![CDATA[id2: 5743437607645745250304]]>
    </line>
    <line>
      <![CDATA[id1: 5743437607645745250305]]>
    </line>
    <line>
      <![CDATA[id2: 5743437607645745250305]]>
    </line>
    <line>
      <![CDATA[id1: 5743437607645745250306]]>
    </line>
    <line>
      <![CDATA[id2: 5743437607645745250306]]>
    </line>
    <line>
      <![CDATA[id1: 5743437607645745250307]]>
    </line>
    <line>
      <![CDATA[id2: 5743437607645745250307]]>
    </line>
    <line>
      <![CDATA[id1: 5743437607645745250308]]>
    </line>
    <line>
      <![CDATA[id2: 5743437607645745250308]]>
    </line>
    <line>
      <![CDATA[id1: 5743437607645745250309]]>
    </line>
    <line>
      <![CDATA[id2: 5743437607645745250309]]>
    </line>
    <line>
      <![CDATA[id1: 5743437607650040217600]]>
    </line>
    <line>
      <![CDATA[id2: 5743437607650040217600]]>
    </line>
    <line>
      <![CDATA[id1: 5743437607650040217601]]>
    </line>
    <line>
      <![CDATA[id2: 5743437607650040217601]]>
    </line>
    <line>
      <![CDATA[id1: 5743437607650040217602]]>
    </line>
    <line>
      <![CDATA[id2: 5743437607650040217602]]>
    </line>
    <line>
      <![CDATA[id1: 5743437607650040217603]]>
    </line>
    <line>
      <![CDATA[id2: 5743437607650040217603]]>
    </line>
    <line>
      <![CDATA[id1: 5743437607650040217604]]>
    </line>
    <line>
      <![CDATA[id2: 5743437607650040217604]]>
    </line>
    <line>
      <![CDATA[id1: 5743437607650040217605]]>
    </line>
    <line>
      <![CDATA[id2: 5743437607650040217605]]>
    </line>
    <line>
      <![CDATA[id1: 5743437607650040217606]]>
    </line>
    <line>
      <![CDATA[id2: 5743437607650040217606]]>
    </line>
    <line>
      <![CDATA[id1: 5743437607650040217607]]>
    </line>
    <line>
      <![CDATA[id2: 5743437607650040217607]]>
    </line>
    <line>
      <![CDATA[id1: 5743437607654335184896]]>
    </line>
    <line>
      <![CDATA[id2: 5743437607654335184896]]>
    </line>
    <line>
      <![CDATA[id1: 5743437607654335184897]]>
    </line>
    <line>
      <![CDATA[id2: 5743437607654335184897]]>
    </line>
    <line>
      <![CDATA[id1: 5743437607654335184898]]>
    </line>
    <line>
      <![CDATA[id2: 5743437607654335184898]]>
    </line>
    <line>
      <![CDATA[id1: 5743437607654335184899]]>
    </line>
    <line>
      <![CDATA[id2: 5743437607654335184899]]>
    </line>
    <line>
      <![CDATA[id1: 5743437607654335184900]]>
    </line>
    <line>
      <![CDATA[id2: 5743437607654335184900]]>
    </line>
    <line>
      <![CDATA[id1: 5743437607654335184901]]>
    </line>
    <line>
      <![CDATA[id2: 5743437607654335184901]]>
    </line>
    <line>
      <![CDATA[id1: 5743437607654335184902]]>
    </line>
    <line>
      <![CDATA[id2: 5743437607654335184902]]>
    </line>
    <line>
      <![CDATA[id1: 5743437607654335184903]]>
    </line>
    <line>
      <![CDATA[id2: 5743437607654335184903]]>
    </line>
    <line>
      <![CDATA[id1: 5743437607658630152192]]>
    </line>
    <line>
      <![CDATA[id2: 5743437607658630152192]]>
    </line>
    <line>
      <![CDATA[id1: 5743437607658630152193]]>
    </line>
    <line>
      <![CDATA[id2: 5743437607658630152193]]>
    </line>
    <line>
      <![CDATA[id1: 5743437607658630152194]]>
    </line>
    <line>
      <![CDATA[id2: 5743437607658630152194]]>
    </line>
    <line>
      <![CDATA[id1: 5743437607658630152195]]>
    </line>
    <line>
      <![CDATA[id2: 5743437607658630152195]]>
    </line>
    <line>
      <![CDATA[id1: 5743437607658630152196]]>
    </line>
    <line>
      <![CDATA[id2: 5743437607658630152196]]>
    </line>
    <line>
      <![CDATA[id1: 5743437607658630152197]]>
    </line>
    <line>
      <![CDATA[id2: 5743437607658630152197]]>
    </line>
    <line>
      <![CDATA[id1: 5743437607658630152198]]>
    </line>
    <line>
      <![CDATA[id2: 5743437607658630152198]]>
    </line>
    <line>
      <![CDATA[id1: 5743437607658630152199]]>
    </line>
    <line>
      <![CDATA[id2: 5743437607658630152199]]>
    </line>
    <line>
      <![CDATA[id1: 5743437607662925119488]]>
    </line>
    <line>
      <![CDATA[id2: 5743437607662925119488]]>
    </line>
    <line>
      <![CDATA[id1: 5743437607662925119489]]>
    </line>
    <line>
      <![CDATA[id2: 5743437607662925119489]]>
    </line>
    <line>
      <![CDATA[id1: 5743437607662925119490]]>
    </line>
    <line>
      <![CDATA[id2: 5743437607662925119490]]>
    </line>
    <line>
      <![CDATA[id1: 5743437607662925119491]]>
    </line>
    <line>
      <![CDATA[id2: 5743437607662925119491]]>
    </line>
    <line>
      <![CDATA[id1: 5743437607662925119492]]>
    </line>
    <line>
      <![CDATA[id2: 5743437607662925119492]]>
    </line>
    <line>
      <![CDATA[id1: 5743437607662925119493]]>
    </line>
    <line>
      <![CDATA[id2: 5743437607662925119493]]>
    </line>
    <line>
      <![CDATA[id1: 5743437607662925119494]]>
    </line>
    <line>
      <![CDATA[id2: 5743437607662925119494]]>
    </line>
    <line>
      <![CDATA[id1: 5743437607667220086784]]>
    </line>
    <line>
      <![CDATA[id2: 5743437607667220086784]]>
    </line>
    <line>
      <![CDATA[id1: 5743437607667220086785]]>
    </line>
    <line>
      <![CDATA[id2: 5743437607667220086785]]>
    </line>
    <line>
      <![CDATA[id1: 5743437607667220086786]]>
    </line>
    <line>
      <![CDATA[id2: 5743437607667220086786]]>
    </line>
    <line>
      <![CDATA[id1: 5743437607667220086787]]>
    </line>
    <line>
      <![CDATA[id2: 5743437607667220086787]]>
    </line>
    <line>
      <![CDATA[id1: 5743437607667220086788]]>
    </line>
    <line>
      <![CDATA[id2: 5743437607667220086788]]>
    </line>
    <line>
      <![CDATA[id1: 5743437607667220086789]]>
    </line>
    <line>
      <![CDATA[id2: 5743437607667220086789]]>
    </line>
    <line>
      <![CDATA[id1: 5743437607667220086790]]>
    </line>
    <line>
      <![CDATA[id2: 5743437607667220086790]]>
    </line>
    <line>
      <![CDATA[id1: 5743437607667220086791]]>
    </line>
    <line>
      <![CDATA[id2: 5743437607667220086791]]>
    </line>
    <line>
      <![CDATA[id1: 5743437607671515054080]]>
    </line>
    <line>
      <![CDATA[id2: 5743437607671515054080]]>
    </line>
    <line>
      <![CDATA[id1: 5743437607671515054081]]>
    </line>
    <line>
      <![CDATA[id2: 5743437607671515054081]]>
    </line>
    <line>
      <![CDATA[id1: 5743437607671515054082]]>
    </line>
    <line>
      <![CDATA[id2: 5743437607671515054082]]>
    </line>
    <line>
      <![CDATA[id1: 5743437607671515054083]]>
    </line>
    <line>
      <![CDATA[id2: 5743437607671515054083]]>
    </line>
    <line>
      <![CDATA[id1: 5743437607671515054084]]>
    </line>
    <line>
      <![CDATA[id2: 5743437607671515054084]]>
    </line>
    <line>
      <![CDATA[id1: 5743437607671515054085]]>
    </line>
    <line>
      <![CDATA[id2: 5743437607671515054085]]>
    </line>
    <line>
      <![CDATA[id1: 5743437607671515054086]]>
    </line>
    <line>
      <![CDATA[id2: 5743437607671515054086]]>
    </line>
    <line>
      <![CDATA[id1: 5743437607675810021376]]>
    </line>
    <line>
      <![CDATA[id2: 5743437607675810021376]]>
    </line>
    <line>
      <![CDATA[id1: 5743437607675810021377]]>
    </line>
    <line>
      <![CDATA[id2: 5743437607675810021377]]>
    </line>
    <line>
      <![CDATA[id1: 5743437607675810021378]]>
    </line>
    <line>
      <![CDATA[id2: 5743437607675810021378]]>
    </line>
    <line>
      <![CDATA[id1: 5743437607675810021379]]>
    </line>
    <line>
      <![CDATA[id2: 5743437607675810021379]]>
    </line>
    <line>
      <![CDATA[id1: 5743437607675810021380]]>
    </line>
    <line>
      <![CDATA[id2: 5743437607675810021380]]>
    </line>
    <line>
      <![CDATA[id1: 5743437607675810021381]]>
    </line>
    <line>
      <![CDATA[id2: 5743437607675810021381]]>
    </line>
    <line>
      <![CDATA[id1: 5743437607675810021382]]>
    </line>
    <line>
      <![CDATA[id2: 5743437607675810021382]]>
    </line>
    <line>
      <![CDATA[id1: 5743437607680104988672]]>
    </line>
    <line>
      <![CDATA[id2: 5743437607680104988672]]>
    </line>
    <line>
      <![CDATA[id1: 5743437607680104988673]]>
    </line>
    <line>
      <![CDATA[id2: 5743437607680104988673]]>
    </line>
    <line>
      <![CDATA[id1: 5743437607680104988674]]>
    </line>
    <line>
      <![CDATA[id2: 5743437607680104988674]]>
    </line>
    <line>
      <![CDATA[id1: 5743437607680104988675]]>
    </line>
    <line>
      <![CDATA[id2: 5743437607680104988675]]>
    </line>
    <line>
      <![CDATA[id1: 5743437607680104988676]]>
    </line>
    <line>
      <![CDATA[id2: 5743437607680104988676]]>
    </line>
    <line>
      <![CDATA[id1: 5743437607680104988677]]>
    </line>
    <line>
      <![CDATA[id2: 5743437607680104988677]]>
    </line>
    <line>
      <![CDATA[id1: 5743437607680104988678]]>
    </line>
    <line>
      <![CDATA[id2: 5743437607680104988678]]>
    </line>
    <line>
      <![CDATA[id1: 5743437607680104988679]]>
    </line>
    <line>
      <![CDATA[id2: 5743437607680104988679]]>
    </line>
    <line>
      <![CDATA[id1: 5743437607684399955968]]>
    </line>
    <line>
      <![CDATA[id2: 5743437607684399955968]]>
    </line>
    <line>
      <![CDATA[id1: 5743437607684399955969]]>
    </line>
    <line>
      <![CDATA[id2: 5743437607684399955969]]>
    </line>
    <line>
      <![CDATA[id1: 5743437607684399955970]]>
    </line>
    <line>
      <![CDATA[id2: 5743437607684399955970]]>
    </line>
    <line>
      <![CDATA[id1: 5743437607684399955971]]>
    </line>
    <line>
      <![CDATA[id2: 5743437607684399955971]]>
    </line>
    <line>
      <![CDATA[id1: 5743437607684399955972]]>
    </line>
    <line>
      <![CDATA[id2: 5743437607684399955972]]>
    </line>
    <line>
      <![CDATA[id1: 5743437607684399955973]]>
    </line>
    <line>
      <![CDATA[id2: 5743437607684399955973]]>
    </line>
    <line>
      <![CDATA[id1: 5743437607684399955974]]>
    </line>
    <line>
      <![CDATA[id2: 5743437607684399955974]]>
    </line>
    <line>
      <![CDATA[id1: 5743437607688694923264]]>
    </line>
    <line>
      <![CDATA[id2: 5743437607688694923264]]>
    </line>
    <line>
      <![CDATA[id1: 5743437607688694923265]]>
    </line>
    <line>
      <![CDATA[id2: 5743437607688694923265]]>
    </line>
    <line>
      <![CDATA[id1: 5743437607688694923266]]>
    </line>
    <line>
      <![CDATA[id2: 5743437607688694923266]]>
    </line>
    <line>
      <![CDATA[id1: 5743437607688694923267]]>
    </line>
    <line>
      <![CDATA[id2: 5743437607688694923267]]>
    </line>
    <line>
      <![CDATA[id1: 5743437607688694923268]]>
    </line>
    <line>
      <![CDATA[id2: 5743437607688694923268]]>
    </line>
    <line>
      <![CDATA[id1: 5743437607688694923269]]>
    </line>
    <line>
      <![CDATA[id2: 5743437607688694923269]]>
    </line>
    <line>
      <![CDATA[id1: 5743437607688694923270]]>
    </line>
    <line>
      <![CDATA[id2: 5743437607688694923270]]>
    </line>
    <line>
      <![CDATA[id1: 5743437607688694923271]]>
    </line>
    <line>
      <![CDATA[id2: 5743437607688694923271]]>
    </line>
    <line>
      <![CDATA[id1: 5743437607692989890560]]>
    </line>
    <line>
      <![CDATA[id2: 5743437607692989890560]]>
    </line>
    <line>
      <![CDATA[id1: 5743437607692989890561]]>
    </line>
    <line>
      <![CDATA[id2: 5743437607692989890561]]>
    </line>
    <line>
      <![CDATA[id1: 5743437607692989890562]]>
    </line>
    <line>
      <![CDATA[id2: 5743437607692989890562]]>
    </line>
    <line>
      <![CDATA[id1: 5743437607692989890563]]>
    </line>
    <line>
      <![CDATA[id2: 5743437607692989890563]]>
    </line>
    <line>
      <![CDATA[id1: 5743437607692989890564]]>
    </line>
    <line>
      <![CDATA[id2: 5743437607692989890564]]>
    </line>
    <line>
      <![CDATA[id1: 5743437607692989890565]]>
    </line>
    <line>
      <![CDATA[id2: 5743437607692989890565]]>
    </line>
    <line>
      <![CDATA[id1: 5743437607692989890566]]>
    </line>
    <line>
      <![CDATA[id2: 5743437607692989890566]]>
    </line>
    <line>
      <![CDATA[id1: 5743437607697284857856]]>
    </line>
    <line>
      <![CDATA[id2: 5743437607697284857856]]>
    </line>
    <line>
      <![CDATA[id1: 5743437607697284857857]]>
    </line>
    <line>
      <![CDATA[id2: 5743437607697284857857]]>
    </line>
    <line>
      <![CDATA[id1: 5743437607697284857858]]>
    </line>
    <line>
      <![CDATA[id2: 5743437607697284857858]]>
    </line>
    <line>
      <![CDATA[id1: 5743437607697284857859]]>
    </line>
    <line>
      <![CDATA[id2: 5743437607697284857859]]>
    </line>
    <line>
      <![CDATA[id1: 5743437607697284857860]]>
    </line>
    <line>
      <![CDATA[id2: 5743437607697284857860]]>
    </line>
    <line>
      <![CDATA[id1: 5743437607697284857861]]>
    </line>
    <line>
      <![CDATA[id2: 5743437607697284857861]]>
    </line>
    <line>
      <![CDATA[id1: 5743437607697284857862]]>
    </line>
    <line>
      <![CDATA[id2: 5743437607697284857862]]>
    </line>
    <line>
      <![CDATA[id1: 5743437607701579825152]]>
    </line>
    <line>
      <![CDATA[id2: 5743437607701579825152]]>
    </line>
    <line>
      <![CDATA[id1: 5743437607701579825153]]>
    </line>
    <line>
      <![CDATA[id2: 5743437607701579825153]]>
    </line>
    <line>
      <![CDATA[id1: 5743437607701579825154]]>
    </line>
    <line>
      <![CDATA[id2: 5743437607701579825154]]>
    </line>
    <line>
      <![CDATA[id1: 5743437607701579825155]]>
    </line>
    <line>
      <![CDATA[id2: 5743437607701579825155]]>
    </line>
    <line>
      <![CDATA[id1: 5743437607701579825156]]>
    </line>
    <line>
      <![CDATA[id2: 5743437607701579825156]]>
    </line>
    <line>
      <![CDATA[id1: 5743437607701579825157]]>
    </line>
    <line>
      <![CDATA[id2: 5743437607701579825157]]>
    </line>
    <line>
      <![CDATA[id1: 5743437607701579825158]]>
    </line>
    <line>
      <![CDATA[id2: 5743437607701579825158]]>
    </line>
    <line>
      <![CDATA[id1: 5743437607705874792448]]>
    </line>
    <line>
      <![CDATA[id2: 5743437607705874792448]]>
    </line>
    <line>
      <![CDATA[id1: 5743437607705874792449]]>
    </line>
    <line>
      <![CDATA[id2: 5743437607705874792449]]>
    </line>
    <line>
      <![CDATA[id1: 5743437607705874792450]]>
    </line>
    <line>
      <![CDATA[id2: 5743437607705874792450]]>
    </line>
    <line>
      <![CDATA[id1: 5743437607705874792451]]>
    </line>
    <line>
      <![CDATA[id2: 5743437607705874792451]]>
    </line>
    <line>
      <![CDATA[id1: 5743437607705874792452]]>
    </line>
    <line>
      <![CDATA[id2: 5743437607705874792452]]>
    </line>
    <line>
      <![CDATA[id1: 5743437607705874792453]]>
    </line>
    <line>
      <![CDATA[id2: 5743437607705874792453]]>
    </line>
    <line>
      <![CDATA[id1: 5743437607705874792454]]>
    </line>
    <line>
      <![CDATA[id2: 5743437607705874792454]]>
    </line>
    <line>
      <![CDATA[id1: 5743437607710169759744]]>
    </line>
    <line>
      <![CDATA[id2: 5743437607710169759744]]>
    </line>
    <line>
      <![CDATA[id1: 5743437607710169759745]]>
    </line>
    <line>
      <![CDATA[id2: 5743437607710169759745]]>
    </line>
    <line>
      <![CDATA[id1: 5743437607710169759746]]>
    </line>
    <line>
      <![CDATA[id2: 5743437607710169759746]]>
    </line>
    <line>
      <![CDATA[id1: 5743437607710169759747]]>
    </line>
    <line>
      <![CDATA[id2: 5743437607710169759747]]>
    </line>
    <line>
      <![CDATA[id1: 5743437607710169759748]]>
    </line>
    <line>
      <![CDATA[id2: 5743437607710169759748]]>
    </line>
    <line>
      <![CDATA[id1: 5743437607710169759749]]>
    </line>
    <line>
      <![CDATA[id2: 5743437607710169759749]]>
    </line>
    <line>
      <![CDATA[id1: 5743437607710169759750]]>
    </line>
    <line>
      <![CDATA[id2: 5743437607710169759750]]>
    </line>
    <line>
      <![CDATA[id1: 5743437607714464727040]]>
    </line>
    <line>
      <![CDATA[id2: 5743437607714464727040]]>
    </line>
    <line>
      <![CDATA[id1: 5743437607714464727041]]>
    </line>
    <line>
      <![CDATA[id2: 5743437607714464727041]]>
    </line>
    <line>
      <![CDATA[id1: 5743437607714464727042]]>
    </line>
    <line>
      <![CDATA[id2: 5743437607714464727042]]>
    </line>
    <line>
      <![CDATA[id1: 5743437607714464727043]]>
    </line>
    <line>
      <![CDATA[id2: 5743437607714464727043]]>
    </line>
    <line>
      <![CDATA[id1: 5743437607714464727044]]>
    </line>
    <line>
      <![CDATA[id2: 5743437607714464727044]]>
    </line>
    <line>
      <![CDATA[id1: 5743437607714464727045]]>
    </line>
    <line>
      <![CDATA[id2: 5743437607714464727045]]>
    </line>
    <line>
      <![CDATA[id1: 5743437607714464727046]]>
    </line>
    <line>
      <![CDATA[id2: 5743437607714464727046]]>
    </line>
    <line>
      <![CDATA[id1: 5743437607718759694336]]>
    </line>
    <line>
      <![CDATA[id2: 5743437607718759694336]]>
    </line>
    <line>
      <![CDATA[id1: 5743437607718759694337]]>
    </line>
    <line>
      <![CDATA[id2: 5743437607718759694337]]>
    </line>
    <line>
      <![CDATA[id1: 5743437607718759694338]]>
    </line>
    <line>
      <![CDATA[id2: 5743437607718759694338]]>
    </line>
    <line>
      <![CDATA[id1: 5743437607718759694339]]>
    </line>
    <line>
      <![CDATA[id2: 5743437607718759694339]]>
    </line>
    <line>
      <![CDATA[id1: 5743437607718759694340]]>
    </line>
    <line>
      <![CDATA[id2: 5743437607718759694340]]>
    </line>
    <line>
      <![CDATA[id1: 5743437607718759694341]]>
    </line>
    <line>
      <![CDATA[id2: 5743437607718759694341]]>
    </line>
    <line>
      <![CDATA[id1: 5743437607718759694342]]>
    </line>
    <line>
      <![CDATA[id2: 5743437607718759694342]]>
    </line>
    <line>
      <![CDATA[id1: 5743437607723054661632]]>
    </line>
    <line>
      <![CDATA[id2: 5743437607723054661632]]>
    </line>
    <line>
      <![CDATA[id1: 5743437607723054661633]]>
    </line>
    <line>
      <![CDATA[id2: 5743437607723054661633]]>
    </line>
    <line>
      <![CDATA[id1: 5743437607723054661634]]>
    </line>
    <line>
      <![CDATA[id2: 5743437607723054661634]]>
    </line>
    <line>
      <![CDATA[id1: 5743437607723054661635]]>
    </line>
    <line>
      <![CDATA[id2: 5743437607723054661635]]>
    </line>
    <line>
      <![CDATA[id1: 5743437607723054661636]]>
    </line>
    <line>
      <![CDATA[id2: 5743437607723054661636]]>
    </line>
    <line>
      <![CDATA[id1: 5743437607723054661637]]>
    </line>
    <line>
      <![CDATA[id2: 5743437607723054661637]]>
    </line>
    <line>
      <![CDATA[id1: 5743437607723054661638]]>
    </line>
    <line>
      <![CDATA[id2: 5743437607723054661638]]>
    </line>
    <line>
      <![CDATA[id1: 5743437607723054661639]]>
    </line>
    <line>
      <![CDATA[id2: 5743437607723054661639]]>
    </line>
    <line>
      <![CDATA[id1: 5743437607727349628928]]>
    </line>
    <line>
      <![CDATA[id2: 5743437607727349628928]]>
    </line>
    <line>
      <![CDATA[id1: 5743437607727349628929]]>
    </line>
    <line>
      <![CDATA[id2: 5743437607727349628929]]>
    </line>
    <line>
      <![CDATA[id1: 5743437607727349628930]]>
    </line>
    <line>
      <![CDATA[id2: 5743437607727349628930]]>
    </line>
    <line>
      <![CDATA[id1: 5743437607727349628931]]>
    </line>
    <line>
      <![CDATA[id2: 5743437607727349628931]]>
    </line>
    <line>
      <![CDATA[id1: 5743437607727349628932]]>
    </line>
    <line>
      <![CDATA[id2: 5743437607727349628932]]>
    </line>
    <line>
      <![CDATA[id1: 5743437607727349628933]]>
    </line>
    <line>
      <![CDATA[id2: 5743437607727349628933]]>
    </line>
    <line>
      <![CDATA[id1: 5743437607727349628934]]>
    </line>
    <line>
      <![CDATA[id2: 5743437607727349628934]]>
    </line>
    <line>
      <![CDATA[id1: 5743437607731644596224]]>
    </line>
    <line>
      <![CDATA[id2: 5743437607731644596224]]>
    </line>
    <line>
      <![CDATA[id1: 5743437607731644596225]]>
    </line>
    <line>
      <![CDATA[id2: 5743437607731644596225]]>
    </line>
    <line>
      <![CDATA[id1: 5743437607731644596226]]>
    </line>
    <line>
      <![CDATA[id2: 5743437607731644596226]]>
    </line>
    <line>
      <![CDATA[id1: 5743437607731644596227]]>
    </line>
    <line>
      <![CDATA[id2: 5743437607731644596227]]>
    </line>
    <line>
      <![CDATA[id1: 5743437607731644596228]]>
    </line>
    <line>
      <![CDATA[id2: 5743437607731644596228]]>
    </line>
    <line>
      <![CDATA[id1: 5743437607731644596229]]>
    </line>
    <line>
      <![CDATA[id2: 5743437607731644596229]]>
    </line>
    <line>
      <![CDATA[id1: 5743437607731644596230]]>
    </line>
    <line>
      <![CDATA[id2: 5743437607731644596230]]>
    </line>
    <line>
      <![CDATA[id1: 5743437607735939563520]]>
    </line>
    <line>
      <![CDATA[id2: 5743437607735939563520]]>
    </line>
    <line>
      <![CDATA[id1: 5743437607735939563521]]>
    </line>
    <line>
      <![CDATA[id2: 5743437607735939563521]]>
    </line>
    <line>
      <![CDATA[id1: 5743437607735939563522]]>
    </line>
    <line>
      <![CDATA[id2: 5743437607735939563522]]>
    </line>
    <line>
      <![CDATA[id1: 5743437607735939563523]]>
    </line>
    <line>
      <![CDATA[id2: 5743437607735939563523]]>
    </line>
    <line>
      <![CDATA[id1: 5743437607735939563524]]>
    </line>
    <line>
      <![CDATA[id2: 5743437607735939563524]]>
    </line>
    <line>
      <![CDATA[id1: 5743437607735939563525]]>
    </line>
    <line>
      <![CDATA[id2: 5743437607735939563525]]>
    </line>
    <line>
      <![CDATA[id1: 5743437607735939563526]]>
    </line>
    <line>
      <![CDATA[id2: 5743437607735939563526]]>
    </line>
    <line>
      <![CDATA[id1: 5743437607735939563527]]>
    </line>
    <line>
      <![CDATA[id2: 5743437607735939563527]]>
    </line>
    <line>
      <![CDATA[id1: 5743437607740234530816]]>
    </line>
    <line>
      <![CDATA[id2: 5743437607740234530816]]>
    </line>
    <line>
      <![CDATA[id1: 5743437607740234530817]]>
    </line>
    <line>
      <![CDATA[id2: 5743437607740234530817]]>
    </line>
    <line>
      <![CDATA[id1: 5743437607740234530818]]>
    </line>
    <line>
      <![CDATA[id2: 5743437607740234530818]]>
    </line>
    <line>
      <![CDATA[id1: 5743437607740234530819]]>
    </line>
    <line>
      <![CDATA[id2: 5743437607740234530819]]>
    </line>
    <line>
      <![CDATA[id1: 5743437607740234530820]]>
    </line>
    <line>
      <![CDATA[id2: 5743437607740234530820]]>
    </line>
    <line>
      <![CDATA[id1: 5743437607740234530821]]>
    </line>
    <line>
      <![CDATA[id2: 5743437607740234530821]]>
    </line>
    <line>
      <![CDATA[id1: 5743437607740234530822]]>
    </line>
    <line>
      <![CDATA[id2: 5743437607740234530822]]>
    </line>
    <line>
      <![CDATA[id1: 5743437607744529498112]]>
    </line>
    <line>
      <![CDATA[id2: 5743437607744529498112]]>
    </line>
    <line>
      <![CDATA[id1: 5743437607744529498113]]>
    </line>
    <line>
      <![CDATA[id2: 5743437607744529498113]]>
    </line>
    <line>
      <![CDATA[id1: 5743437607744529498114]]>
    </line>
    <line>
      <![CDATA[id2: 5743437607744529498114]]>
    </line>
    <line>
      <![CDATA[id1: 5743437607744529498115]]>
    </line>
    <line>
      <![CDATA[id2: 5743437607744529498115]]>
    </line>
    <line>
      <![CDATA[id1: 5743437607744529498116]]>
    </line>
    <line>
      <![CDATA[id2: 5743437607744529498116]]>
    </line>
    <line>
      <![CDATA[id1: 5743437607744529498117]]>
    </line>
    <line>
      <![CDATA[id2: 5743437607744529498117]]>
    </line>
    <line>
      <![CDATA[id1: 5743437607744529498118]]>
    </line>
    <line>
      <![CDATA[id2: 5743437607744529498118]]>
    </line>
    <line>
      <![CDATA[id1: 5743437607748824465408]]>
    </line>
    <line>
      <![CDATA[id2: 5743437607748824465408]]>
    </line>
    <line>
      <![CDATA[id1: 5743437607748824465409]]>
    </line>
    <line>
      <![CDATA[id2: 5743437607748824465409]]>
    </line>
    <line>
      <![CDATA[id1: 5743437607748824465410]]>
    </line>
    <line>
      <![CDATA[id2: 5743437607748824465410]]>
    </line>
    <line>
      <![CDATA[id1: 5743437607748824465411]]>
    </line>
    <line>
      <![CDATA[id2: 5743437607748824465411]]>
    </line>
    <line>
      <![CDATA[id1: 5743437607748824465412]]>
    </line>
    <line>
      <![CDATA[id2: 5743437607748824465412]]>
    </line>
    <line>
      <![CDATA[id1: 5743437607748824465413]]>
    </line>
    <line>
      <![CDATA[id2: 5743437607748824465413]]>
    </line>
    <line>
      <![CDATA[id1: 5743437607748824465414]]>
    </line>
    <line>
      <![CDATA[id2: 5743437607748824465414]]>
    </line>
    <line>
      <![CDATA[id1: 5743437607748824465415]]>
    </line>
    <line>
      <![CDATA[id2: 5743437607748824465415]]>
    </line>
    <line>
      <![CDATA[id1: 5743437607753119432704]]>
    </line>
    <line>
      <![CDATA[id2: 5743437607753119432704]]>
    </line>
    <line>
      <![CDATA[id1: 5743437607753119432705]]>
    </line>
    <line>
      <![CDATA[id2: 5743437607753119432705]]>
    </line>
    <line>
      <![CDATA[id1: 5743437607753119432706]]>
    </line>
    <line>
      <![CDATA[id2: 5743437607753119432706]]>
    </line>
    <line>
      <![CDATA[id1: 5743437607753119432707]]>
    </line>
    <line>
      <![CDATA[id2: 5743437607753119432707]]>
    </line>
    <line>
      <![CDATA[id1: 5743437607753119432708]]>
    </line>
    <line>
      <![CDATA[id2: 5743437607753119432708]]>
    </line>
    <line>
      <![CDATA[id1: 5743437607753119432709]]>
    </line>
    <line>
      <![CDATA[id2: 5743437607753119432709]]>
    </line>
    <line>
      <![CDATA[id1: 5743437607753119432710]]>
    </line>
    <line>
      <![CDATA[id2: 5743437607753119432710]]>
    </line>
    <line>
      <![CDATA[id1: 5743437607757414400000]]>
    </line>
    <line>
      <![CDATA[id2: 5743437607757414400000]]>
    </line>
    <line>
      <![CDATA[id1: 5743437607757414400001]]>
    </line>
    <line>
      <![CDATA[id2: 5743437607757414400001]]>
    </line>
    <line>
      <![CDATA[id1: 5743437607757414400002]]>
    </line>
    <line>
      <![CDATA[id2: 5743437607757414400002]]>
    </line>
    <line>
      <![CDATA[id1: 5743437607757414400003]]>
    </line>
    <line>
      <![CDATA[id2: 5743437607757414400003]]>
    </line>
    <line>
      <![CDATA[id1: 5743437607757414400004]]>
    </line>
    <line>
      <![CDATA[id2: 5743437607757414400004]]>
    </line>
    <line>
      <![CDATA[id1: 5743437607757414400005]]>
    </line>
    <line>
      <![CDATA[id2: 5743437607757414400005]]>
    </line>
    <line>
      <![CDATA[id1: 5743437607757414400006]]>
    </line>
    <line>
      <![CDATA[id2: 5743437607757414400006]]>
    </line>
    <line>
      <![CDATA[id1: 5743437607761709367296]]>
    </line>
    <line>
      <![CDATA[id2: 5743437607761709367296]]>
    </line>
    <line>
      <![CDATA[id1: 5743437607761709367297]]>
    </line>
    <line>
      <![CDATA[id2: 5743437607761709367297]]>
    </line>
    <line>
      <![CDATA[id1: 5743437607761709367298]]>
    </line>
    <line>
      <![CDATA[id2: 5743437607761709367298]]>
    </line>
    <line>
      <![CDATA[id1: 5743437607761709367299]]>
    </line>
    <line>
      <![CDATA[id2: 5743437607761709367299]]>
    </line>
    <line>
      <![CDATA[id1: 5743437607761709367300]]>
    </line>
    <line>
      <![CDATA[id2: 5743437607761709367300]]>
    </line>
    <line>
      <![CDATA[id1: 5743437607761709367301]]>
    </line>
    <line>
      <![CDATA[id2: 5743437607761709367301]]>
    </line>
    <line>
      <![CDATA[id1: 5743437607761709367302]]>
    </line>
    <line>
      <![CDATA[id2: 5743437607761709367302]]>
    </line>
    <line>
      <![CDATA[id1: 5743437607766004334592]]>
    </line>
    <line>
      <![CDATA[id2: 5743437607766004334592]]>
    </line>
    <line>
      <![CDATA[id1: 5743437607766004334593]]>
    </line>
    <line>
      <![CDATA[id2: 5743437607766004334593]]>
    </line>
    <line>
      <![CDATA[id1: 5743437607766004334594]]>
    </line>
    <line>
      <![CDATA[id2: 5743437607766004334594]]>
    </line>
    <line>
      <![CDATA[id1: 5743437607766004334595]]>
    </line>
    <line>
      <![CDATA[id2: 5743437607766004334595]]>
    </line>
    <line>
      <![CDATA[id1: 5743437607766004334596]]>
    </line>
    <line>
      <![CDATA[id2: 5743437607766004334596]]>
    </line>
    <line>
      <![CDATA[id1: 5743437607766004334597]]>
    </line>
    <line>
      <![CDATA[id2: 5743437607766004334597]]>
    </line>
    <line>
      <![CDATA[id1: 5743437607766004334598]]>
    </line>
    <line>
      <![CDATA[id2: 5743437607766004334598]]>
    </line>
    <line>
      <![CDATA[id1: 5743437607770299301888]]>
    </line>
    <line>
      <![CDATA[id2: 5743437607770299301888]]>
    </line>
    <line>
      <![CDATA[id1: 5743437607770299301889]]>
    </line>
    <line>
      <![CDATA[id2: 5743437607770299301889]]>
    </line>
    <line>
      <![CDATA[id1: 5743437607770299301890]]>
    </line>
    <line>
      <![CDATA[id2: 5743437607770299301890]]>
    </line>
    <line>
      <![CDATA[id1: 5743437607770299301891]]>
    </line>
    <line>
      <![CDATA[id2: 5743437607770299301891]]>
    </line>
    <line>
      <![CDATA[id1: 5743437607770299301892]]>
    </line>
    <line>
      <![CDATA[id2: 5743437607770299301892]]>
    </line>
    <line>
      <![CDATA[id1: 5743437607770299301893]]>
    </line>
    <line>
      <![CDATA[id2: 5743437607770299301893]]>
    </line>
    <line>
      <![CDATA[id1: 5743437607774594269184]]>
    </line>
    <line>
      <![CDATA[id2: 5743437607774594269184]]>
    </line>
    <line>
      <![CDATA[id1: 5743437607774594269185]]>
    </line>
    <line>
      <![CDATA[id2: 5743437607774594269185]]>
    </line>
    <line>
      <![CDATA[id1: 5743437607774594269186]]>
    </line>
    <line>
      <![CDATA[id2: 5743437607774594269186]]>
    </line>
    <line>
      <![CDATA[id1: 5743437607774594269187]]>
    </line>
    <line>
      <![CDATA[id2: 5743437607774594269187]]>
    </line>
    <line>
      <![CDATA[id1: 5743437607774594269188]]>
    </line>
    <line>
      <![CDATA[id2: 5743437607774594269188]]>
    </line>
    <line>
      <![CDATA[id1: 5743437607774594269189]]>
    </line>
    <line>
      <![CDATA[id2: 5743437607774594269189]]>
    </line>
    <line>
      <![CDATA[id1: 5743437607774594269190]]>
    </line>
    <line>
      <![CDATA[id2: 5743437607774594269190]]>
    </line>
    <line>
      <![CDATA[id1: 5743437607778889236480]]>
    </line>
    <line>
      <![CDATA[id2: 5743437607778889236480]]>
    </line>
    <line>
      <![CDATA[id1: 5743437607778889236481]]>
    </line>
    <line>
      <![CDATA[id2: 5743437607778889236481]]>
    </line>
    <line>
      <![CDATA[id1: 5743437607778889236482]]>
    </line>
    <line>
      <![CDATA[id2: 5743437607778889236482]]>
    </line>
    <line>
      <![CDATA[id1: 5743437607778889236483]]>
    </line>
    <line>
      <![CDATA[id2: 5743437607778889236483]]>
    </line>
    <line>
      <![CDATA[id1: 5743437607778889236484]]>
    </line>
    <line>
      <![CDATA[id2: 5743437607778889236484]]>
    </line>
    <line>
      <![CDATA[id1: 5743437607778889236485]]>
    </line>
    <line>
      <![CDATA[id2: 5743437607778889236485]]>
    </line>
    <line>
      <![CDATA[id1: 5743437607783184203776]]>
    </line>
    <line>
      <![CDATA[id2: 5743437607783184203776]]>
    </line>
    <line>
      <![CDATA[id1: 5743437607783184203777]]>
    </line>
    <line>
      <![CDATA[id2: 5743437607783184203777]]>
    </line>
    <line>
      <![CDATA[id1: 5743437607783184203778]]>
    </line>
    <line>
      <![CDATA[id2: 5743437607783184203778]]>
    </line>
    <line>
      <![CDATA[id1: 5743437607783184203779]]>
    </line>
    <line>
      <![CDATA[id2: 5743437607783184203779]]>
    </line>
    <line>
      <![CDATA[id1: 5743437607783184203780]]>
    </line>
    <line>
      <![CDATA[id2: 5743437607783184203780]]>
    </line>
    <line>
      <![CDATA[id1: 5743437607783184203781]]>
    </line>
    <line>
      <![CDATA[id2: 5743437607783184203781]]>
    </line>
    <line>
      <![CDATA[id1: 5743437607783184203782]]>
    </line>
    <line>
      <![CDATA[id2: 5743437607783184203782]]>
    </line>
    <line>
      <![CDATA[id1: 5743437607787479171072]]>
    </line>
    <line>
      <![CDATA[id2: 5743437607787479171072]]>
    </line>
    <line>
      <![CDATA[id1: 5743437607787479171073]]>
    </line>
    <line>
      <![CDATA[id2: 5743437607787479171073]]>
    </line>
    <line>
      <![CDATA[id1: 5743437607787479171074]]>
    </line>
    <line>
      <![CDATA[id2: 5743437607787479171074]]>
    </line>
    <line>
      <![CDATA[id1: 5743437607787479171075]]>
    </line>
    <line>
      <![CDATA[id2: 5743437607787479171075]]>
    </line>
    <line>
      <![CDATA[id1: 5743437607787479171076]]>
    </line>
    <line>
      <![CDATA[id2: 5743437607787479171076]]>
    </line>
    <line>
      <![CDATA[id1: 5743437607787479171077]]>
    </line>
    <line>
      <![CDATA[id2: 5743437607787479171077]]>
    </line>
    <line>
      <![CDATA[id1: 5743437607787479171078]]>
    </line>
    <line>
      <![CDATA[id2: 5743437607787479171078]]>
    </line>
    <line>
      <![CDATA[id1: 5743437607791774138368]]>
    </line>
    <line>
      <![CDATA[id2: 5743437607791774138368]]>
    </line>
    <line>
      <![CDATA[id1: 5743437607791774138369]]>
    </line>
    <line>
      <![CDATA[id2: 5743437607791774138369]]>
    </line>
    <line>
      <![CDATA[id1: 5743437607791774138370]]>
    </line>
    <line>
      <![CDATA[id2: 5743437607791774138370]]>
    </line>
    <line>
      <![CDATA[id1: 5743437607791774138371]]>
    </line>
    <line>
      <![CDATA[id2: 5743437607791774138371]]>
    </line>
    <line>
      <![CDATA[id1: 5743437607791774138372]]>
    </line>
    <line>
      <![CDATA[id2: 5743437607791774138372]]>
    </line>
    <line>
      <![CDATA[id1: 5743437607791774138373]]>
    </line>
    <line>
      <![CDATA[id2: 5743437607791774138373]]>
    </line>
    <line>
      <![CDATA[id1: 5743437607791774138374]]>
    </line>
    <line>
      <![CDATA[id2: 5743437607791774138374]]>
    </line>
    <line>
      <![CDATA[id1: 5743437607796069105664]]>
    </line>
    <line>
      <![CDATA[id2: 5743437607796069105664]]>
    </line>
    <line>
      <![CDATA[id1: 5743437607796069105665]]>
    </line>
    <line>
      <![CDATA[id2: 5743437607796069105665]]>
    </line>
    <line>
      <![CDATA[id1: 5743437607796069105666]]>
    </line>
    <line>
      <![CDATA[id2: 5743437607796069105666]]>
    </line>
    <line>
      <![CDATA[id1: 5743437607796069105667]]>
    </line>
    <line>
      <![CDATA[id2: 5743437607796069105667]]>
    </line>
    <line>
      <![CDATA[id1: 5743437607796069105668]]>
    </line>
    <line>
      <![CDATA[id2: 5743437607796069105668]]>
    </line>
    <line>
      <![CDATA[id1: 5743437607796069105669]]>
    </line>
    <line>
      <![CDATA[id2: 5743437607796069105669]]>
    </line>
    <line>
      <![CDATA[id1: 5743437607796069105670]]>
    </line>
    <line>
      <![CDATA[id2: 5743437607796069105670]]>
    </line>
    <line>
      <![CDATA[id1: 5743437607800364072960]]>
    </line>
    <line>
      <![CDATA[id2: 5743437607800364072960]]>
    </line>
    <line>
      <![CDATA[id1: 5743437607800364072961]]>
    </line>
    <line>
      <![CDATA[id2: 5743437607800364072961]]>
    </line>
    <line>
      <![CDATA[id1: 5743437607800364072962]]>
    </line>
    <line>
      <![CDATA[id2: 5743437607800364072962]]>
    </line>
    <line>
      <![CDATA[id1: 5743437607800364072963]]>
    </line>
    <line>
      <![CDATA[id2: 5743437607800364072963]]>
    </line>
    <line>
      <![CDATA[id1: 5743437607800364072964]]>
    </line>
    <line>
      <![CDATA[id2: 5743437607800364072964]]>
    </line>
    <line>
      <![CDATA[id1: 5743437607800364072965]]>
    </line>
    <line>
      <![CDATA[id2: 5743437607800364072965]]>
    </line>
    <line>
      <![CDATA[id1: 5743437607800364072966]]>
    </line>
    <line>
      <![CDATA[id2: 5743437607800364072966]]>
    </line>
    <line>
      <![CDATA[id1: 5743437607800364072967]]>
    </line>
    <line>
      <![CDATA[id2: 5743437607800364072967]]>
    </line>
    <line>
      <![CDATA[id1: 5743437607804659040256]]>
    </line>
    <line>
      <![CDATA[id2: 5743437607804659040256]]>
    </line>
    <line>
      <![CDATA[id1: 5743437607804659040257]]>
    </line>
    <line>
      <![CDATA[id2: 5743437607804659040257]]>
    </line>
    <line>
      <![CDATA[id1: 5743437607804659040258]]>
    </line>
    <line>
      <![CDATA[id2: 5743437607804659040258]]>
    </line>
    <line>
      <![CDATA[id1: 5743437607804659040259]]>
    </line>
    <line>
      <![CDATA[id2: 5743437607804659040259]]>
    </line>
    <line>
      <![CDATA[id1: 5743437607804659040260]]>
    </line>
    <line>
      <![CDATA[id2: 5743437607804659040260]]>
    </line>
    <line>
      <![CDATA[id1: 5743437607804659040261]]>
    </line>
    <line>
      <![CDATA[id2: 5743437607804659040261]]>
    </line>
    <line>
      <![CDATA[id1: 5743437607804659040262]]>
    </line>
    <line>
      <![CDATA[id2: 5743437607804659040262]]>
    </line>
    <line>
      <![CDATA[id1: 5743437607808954007552]]>
    </line>
    <line>
      <![CDATA[id2: 5743437607808954007552]]>
    </line>
    <line>
      <![CDATA[id1: 5743437607808954007553]]>
    </line>
    <line>
      <![CDATA[id2: 5743437607808954007553]]>
    </line>
    <line>
      <![CDATA[id1: 5743437607808954007554]]>
    </line>
    <line>
      <![CDATA[id2: 5743437607808954007554]]>
    </line>
    <line>
      <![CDATA[id1: 5743437607808954007555]]>
    </line>
    <line>
      <![CDATA[id2: 5743437607808954007555]]>
    </line>
    <line>
      <![CDATA[id1: 5743437607808954007556]]>
    </line>
    <line>
      <![CDATA[id2: 5743437607808954007556]]>
    </line>
    <line>
      <![CDATA[id1: 5743437607808954007557]]>
    </line>
    <line>
      <![CDATA[id2: 5743437607808954007557]]>
    </line>
    <line>
      <![CDATA[id1: 5743437607813248974848]]>
    </line>
    <line>
      <![CDATA[id2: 5743437607813248974848]]>
    </line>
    <line>
      <![CDATA[id1: 5743437607813248974849]]>
    </line>
    <line>
      <![CDATA[id2: 5743437607813248974849]]>
    </line>
    <line>
      <![CDATA[id1: 5743437607813248974850]]>
    </line>
    <line>
      <![CDATA[id2: 5743437607813248974850]]>
    </line>
    <line>
      <![CDATA[id1: 5743437607813248974851]]>
    </line>
    <line>
      <![CDATA[id2: 5743437607813248974851]]>
    </line>
    <line>
      <![CDATA[id1: 5743437607813248974852]]>
    </line>
    <line>
      <![CDATA[id2: 5743437607813248974852]]>
    </line>
    <line>
      <![CDATA[id1: 5743437607813248974853]]>
    </line>
    <line>
      <![CDATA[id2: 5743437607813248974853]]>
    </line>
    <line>
      <![CDATA[id1: 5743437607813248974854]]>
    </line>
    <line>
      <![CDATA[id2: 5743437607813248974854]]>
    </line>
    <line>
      <![CDATA[id1: 5743437607813248974855]]>
    </line>
    <line>
      <![CDATA[id2: 5743437607813248974855]]>
    </line>
    <line>
      <![CDATA[id1: 5743437607817543942144]]>
    </line>
    <line>
      <![CDATA[id2: 5743437607817543942144]]>
    </line>
    <line>
      <![CDATA[id1: 5743437607817543942145]]>
    </line>
    <line>
      <![CDATA[id2: 5743437607817543942145]]>
    </line>
    <line>
      <![CDATA[id1: 5743437607817543942146]]>
    </line>
    <line>
      <![CDATA[id2: 5743437607817543942146]]>
    </line>
    <line>
      <![CDATA[id1: 5743437607817543942147]]>
    </line>
    <line>
      <![CDATA[id2: 5743437607817543942147]]>
    </line>
    <line>
      <![CDATA[id1: 5743437607817543942148]]>
    </line>
    <line>
      <![CDATA[id2: 5743437607817543942148]]>
    </line>
    <line>
      <![CDATA[id1: 5743437607817543942149]]>
    </line>
    <line>
      <![CDATA[id2: 5743437607817543942149]]>
    </line>
    <line>
      <![CDATA[id1: 5743437607817543942150]]>
    </line>
    <line>
      <![CDATA[id2: 5743437607817543942150]]>
    </line>
    <line>
      <![CDATA[id1: 5743437607817543942151]]>
    </line>
    <line>
      <![CDATA[id2: 5743437607817543942151]]>
    </line>
    <line>
      <![CDATA[id1: 5743437607817543942152]]>
    </line>
    <line>
      <![CDATA[id2: 5743437607817543942152]]>
    </line>
    <line>
      <![CDATA[id1: 5743437607821838909440]]>
    </line>
    <line>
      <![CDATA[id2: 5743437607821838909440]]>
    </line>
    <line>
      <![CDATA[id1: 5743437607821838909441]]>
    </line>
    <line>
      <![CDATA[id2: 5743437607821838909441]]>
    </line>
    <line>
      <![CDATA[id1: 5743437607821838909442]]>
    </line>
    <line>
      <![CDATA[id2: 5743437607821838909442]]>
    </line>
    <line>
      <![CDATA[id1: 5743437607821838909443]]>
    </line>
    <line>
      <![CDATA[id2: 5743437607821838909443]]>
    </line>
    <line>
      <![CDATA[id1: 5743437607821838909444]]>
    </line>
    <line>
      <![CDATA[id2: 5743437607821838909444]]>
    </line>
    <line>
      <![CDATA[id1: 5743437607821838909445]]>
    </line>
    <line>
      <![CDATA[id2: 5743437607821838909445]]>
    </line>
    <line>
      <![CDATA[id1: 5743437607821838909446]]>
    </line>
    <line>
      <![CDATA[id2: 5743437607821838909446]]>
    </line>
    <line>
      <![CDATA[id1: 5743437607821838909447]]>
    </line>
    <line>
      <![CDATA[id2: 5743437607821838909447]]>
    </line>
    <line>
      <![CDATA[id1: 5743437607821838909448]]>
    </line>
    <line>
      <![CDATA[id2: 5743437607821838909448]]>
    </line>
    <line>
      <![CDATA[id1: 5743437607826133876736]]>
    </line>
    <line>
      <![CDATA[id2: 5743437607826133876736]]>
    </line>
    <line>
      <![CDATA[id1: 5743437607826133876737]]>
    </line>
    <line>
      <![CDATA[id2: 5743437607826133876737]]>
    </line>
    <line>
      <![CDATA[id1: 5743437607826133876738]]>
    </line>
    <line>
      <![CDATA[id2: 5743437607826133876738]]>
    </line>
    <line>
      <![CDATA[id1: 5743437607826133876739]]>
    </line>
    <line>
      <![CDATA[id2: 5743437607826133876739]]>
    </line>
    <line>
      <![CDATA[id1: 5743437607826133876740]]>
    </line>
    <line>
      <![CDATA[id2: 5743437607826133876740]]>
    </line>
    <line>
      <![CDATA[id1: 5743437607826133876741]]>
    </line>
    <line>
      <![CDATA[id2: 5743437607826133876741]]>
    </line>
    <line>
      <![CDATA[id1: 5743437607826133876742]]>
    </line>
    <line>
      <![CDATA[id2: 5743437607826133876742]]>
    </line>
    <line>
      <![CDATA[id1: 5743437607826133876743]]>
    </line>
    <line>
      <![CDATA[id2: 5743437607826133876743]]>
    </line>
    <line>
      <![CDATA[id1: 5743437607826133876744]]>
    </line>
    <line>
      <![CDATA[id2: 5743437607826133876744]]>
    </line>
    <line>
      <![CDATA[id1: 5743437607830428844032]]>
    </line>
    <line>
      <![CDATA[id2: 5743437607830428844032]]>
    </line>
    <line>
      <![CDATA[id1: 5743437607830428844033]]>
    </line>
    <line>
      <![CDATA[id2: 5743437607830428844033]]>
    </line>
    <line>
      <![CDATA[id1: 5743437607830428844034]]>
    </line>
    <line>
      <![CDATA[id2: 5743437607830428844034]]>
    </line>
    <line>
      <![CDATA[id1: 5743437607830428844035]]>
    </line>
    <line>
      <![CDATA[id2: 5743437607830428844035]]>
    </line>
    <line>
      <![CDATA[id1: 5743437607830428844036]]>
    </line>
    <line>
      <![CDATA[id2: 5743437607830428844036]]>
    </line>
    <line>
      <![CDATA[id1: 5743437607830428844037]]>
    </line>
    <line>
      <![CDATA[id2: 5743437607830428844037]]>
    </line>
    <line>
      <![CDATA[id1: 5743437607830428844038]]>
    </line>
    <line>
      <![CDATA[id2: 5743437607830428844038]]>
    </line>
    <line>
      <![CDATA[id1: 5743437607830428844039]]>
    </line>
    <line>
      <![CDATA[id2: 5743437607830428844039]]>
    </line>
    <line>
      <![CDATA[id1: 5743437607830428844040]]>
    </line>
    <line>
      <![CDATA[id2: 5743437607830428844040]]>
    </line>
    <line>
      <![CDATA[id1: 5743437607834723811328]]>
    </line>
    <line>
      <![CDATA[id2: 5743437607834723811328]]>
    </line>
    <line>
      <![CDATA[id1: 5743437607834723811329]]>
    </line>
    <line>
      <![CDATA[id2: 5743437607834723811329]]>
    </line>
    <line>
      <![CDATA[id1: 5743437607834723811330]]>
    </line>
    <line>
      <![CDATA[id2: 5743437607834723811330]]>
    </line>
    <line>
      <![CDATA[id1: 5743437607834723811331]]>
    </line>
    <line>
      <![CDATA[id2: 5743437607834723811331]]>
    </line>
    <line>
      <![CDATA[id1: 5743437607834723811332]]>
    </line>
    <line>
      <![CDATA[id2: 5743437607834723811332]]>
    </line>
    <line>
      <![CDATA[id1: 5743437607834723811333]]>
    </line>
    <line>
      <![CDATA[id2: 5743437607834723811333]]>
    </line>
    <line>
      <![CDATA[id1: 5743437607834723811334]]>
    </line>
    <line>
      <![CDATA[id2: 5743437607834723811334]]>
    </line>
    <line>
      <![CDATA[id1: 5743437607834723811335]]>
    </line>
    <line>
      <![CDATA[id2: 5743437607834723811335]]>
    </line>
    <line>
      <![CDATA[id1: 5743437607834723811336]]>
    </line>
    <line>
      <![CDATA[id2: 5743437607834723811336]]>
    </line>
    <line>
      <![CDATA[id1: 5743437607839018778624]]>
    </line>
    <line>
      <![CDATA[id2: 5743437607839018778624]]>
    </line>
    <line>
      <![CDATA[id1: 5743437607839018778625]]>
    </line>
    <line>
      <![CDATA[id2: 5743437607839018778625]]>
    </line>
    <line>
      <![CDATA[id1: 5743437607839018778626]]>
    </line>
    <line>
      <![CDATA[id2: 5743437607839018778626]]>
    </line>
    <line>
      <![CDATA[id1: 5743437607839018778627]]>
    </line>
    <line>
      <![CDATA[id2: 5743437607839018778627]]>
    </line>
    <line>
      <![CDATA[id1: 5743437607839018778628]]>
    </line>
    <line>
      <![CDATA[id2: 5743437607839018778628]]>
    </line>
    <line>
      <![CDATA[id1: 5743437607839018778629]]>
    </line>
    <line>
      <![CDATA[id2: 5743437607839018778629]]>
    </line>
    <line>
      <![CDATA[id1: 5743437607839018778630]]>
    </line>
    <line>
      <![CDATA[id2: 5743437607839018778630]]>
    </line>
    <line>
      <![CDATA[id1: 5743437607839018778631]]>
    </line>
    <line>
      <![CDATA[id2: 5743437607839018778631]]>
    </line>
    <line>
      <![CDATA[id1: 5743437607839018778632]]>
    </line>
    <line>
      <![CDATA[id2: 5743437607839018778632]]>
    </line>
    <line>
      <![CDATA[id1: 5743437607843313745920]]>
    </line>
    <line>
      <![CDATA[id2: 5743437607843313745920]]>
    </line>
    <line>
      <![CDATA[id1: 5743437607843313745921]]>
    </line>
    <line>
      <![CDATA[id2: 5743437607843313745921]]>
    </line>
    <line>
      <![CDATA[id1: 5743437607843313745922]]>
    </line>
    <line>
      <![CDATA[id2: 5743437607843313745922]]>
    </line>
    <line>
      <![CDATA[id1: 5743437607843313745923]]>
    </line>
    <line>
      <![CDATA[id2: 5743437607843313745923]]>
    </line>
    <line>
      <![CDATA[id1: 5743437607843313745924]]>
    </line>
    <line>
      <![CDATA[id2: 5743437607843313745924]]>
    </line>
    <line>
      <![CDATA[id1: 5743437607843313745925]]>
    </line>
    <line>
      <![CDATA[id2: 5743437607843313745925]]>
    </line>
    <line>
      <![CDATA[id1: 5743437607843313745926]]>
    </line>
    <line>
      <![CDATA[id2: 5743437607843313745926]]>
    </line>
    <line>
      <![CDATA[id1: 5743437607843313745927]]>
    </line>
    <line>
      <![CDATA[id2: 5743437607843313745927]]>
    </line>
    <line>
      <![CDATA[id1: 5743437607843313745928]]>
    </line>
    <line>
      <![CDATA[id2: 5743437607843313745928]]>
    </line>
    <line>
      <![CDATA[id1: 5743437607847608713216]]>
    </line>
    <line>
      <![CDATA[id2: 5743437607847608713216]]>
    </line>
    <line>
      <![CDATA[id1: 5743437607847608713217]]>
    </line>
    <line>
      <![CDATA[id2: 5743437607847608713217]]>
    </line>
    <line>
      <![CDATA[id1: 5743437607847608713218]]>
    </line>
    <line>
      <![CDATA[id2: 5743437607847608713218]]>
    </line>
    <line>
      <![CDATA[id1: 5743437607847608713219]]>
    </line>
    <line>
      <![CDATA[id2: 5743437607847608713219]]>
    </line>
    <line>
      <![CDATA[id1: 5743437607847608713220]]>
    </line>
    <line>
      <![CDATA[id2: 5743437607847608713220]]>
    </line>
    <line>
      <![CDATA[id1: 5743437607847608713221]]>
    </line>
    <line>
      <![CDATA[id2: 5743437607847608713221]]>
    </line>
    <line>
      <![CDATA[id1: 5743437607847608713222]]>
    </line>
    <line>
      <![CDATA[id2: 5743437607847608713222]]>
    </line>
    <line>
      <![CDATA[id1: 5743437607847608713223]]>
    </line>
    <line>
      <![CDATA[id2: 5743437607847608713223]]>
    </line>
    <line>
      <![CDATA[id1: 5743437607847608713224]]>
    </line>
    <line>
      <![CDATA[id2: 5743437607847608713224]]>
    </line>
    <line>
      <![CDATA[id1: 5743437607851903680512]]>
    </line>
    <line>
      <![CDATA[id2: 5743437607851903680512]]>
    </line>
    <line>
      <![CDATA[id1: 5743437607851903680513]]>
    </line>
    <line>
      <![CDATA[id2: 5743437607851903680513]]>
    </line>
    <line>
      <![CDATA[id1: 5743437607851903680514]]>
    </line>
    <line>
      <![CDATA[id2: 5743437607851903680514]]>
    </line>
    <line>
      <![CDATA[id1: 5743437607851903680515]]>
    </line>
    <line>
      <![CDATA[id2: 5743437607851903680515]]>
    </line>
    <line>
      <![CDATA[id1: 5743437607851903680516]]>
    </line>
    <line>
      <![CDATA[id2: 5743437607851903680516]]>
    </line>
    <line>
      <![CDATA[id1: 5743437607851903680517]]>
    </line>
    <line>
      <![CDATA[id2: 5743437607851903680517]]>
    </line>
    <line>
      <![CDATA[id1: 5743437607851903680518]]>
    </line>
    <line>
      <![CDATA[id2: 5743437607851903680518]]>
    </line>
    <line>
      <![CDATA[id1: 5743437607851903680519]]>
    </line>
    <line>
      <![CDATA[id2: 5743437607851903680519]]>
    </line>
    <line>
      <![CDATA[id1: 5743437607851903680520]]>
    </line>
    <line>
      <![CDATA[id2: 5743437607851903680520]]>
    </line>
    <line>
      <![CDATA[id1: 5743437607856198647808]]>
    </line>
    <line>
      <![CDATA[id2: 5743437607856198647808]]>
    </line>
    <line>
      <![CDATA[id1: 5743437607856198647809]]>
    </line>
    <line>
      <![CDATA[id2: 5743437607856198647809]]>
    </line>
    <line>
      <![CDATA[id1: 5743437607856198647810]]>
    </line>
    <line>
      <![CDATA[id2: 5743437607856198647810]]>
    </line>
    <line>
      <![CDATA[id1: 5743437607856198647811]]>
    </line>
    <line>
      <![CDATA[id2: 5743437607856198647811]]>
    </line>
    <line>
      <![CDATA[id1: 5743437607856198647812]]>
    </line>
    <line>
      <![CDATA[id2: 5743437607856198647812]]>
    </line>
    <line>
      <![CDATA[id1: 5743437607856198647813]]>
    </line>
    <line>
      <![CDATA[id2: 5743437607856198647813]]>
    </line>
    <line>
      <![CDATA[id1: 5743437607856198647814]]>
    </line>
    <line>
      <![CDATA[id2: 5743437607856198647814]]>
    </line>
    <line>
      <![CDATA[id1: 5743437607856198647815]]>
    </line>
    <line>
      <![CDATA[id2: 5743437607856198647815]]>
    </line>
    <line>
      <![CDATA[id1: 5743437607856198647816]]>
    </line>
    <line>
      <![CDATA[id2: 5743437607856198647816]]>
    </line>
    <line>
      <![CDATA[id1: 5743437607860493615104]]>
    </line>
    <line>
      <![CDATA[id2: 5743437607860493615104]]>
    </line>
    <line>
      <![CDATA[id1: 5743437607860493615105]]>
    </line>
    <line>
      <![CDATA[id2: 5743437607860493615105]]>
    </line>
    <line>
      <![CDATA[id1: 5743437607860493615106]]>
    </line>
    <line>
      <![CDATA[id2: 5743437607860493615106]]>
    </line>
    <line>
      <![CDATA[id1: 5743437607860493615107]]>
    </line>
    <line>
      <![CDATA[id2: 5743437607860493615107]]>
    </line>
    <line>
      <![CDATA[id1: 5743437607860493615108]]>
    </line>
    <line>
      <![CDATA[id2: 5743437607860493615108]]>
    </line>
    <line>
      <![CDATA[id1: 5743437607860493615109]]>
    </line>
    <line>
      <![CDATA[id2: 5743437607860493615109]]>
    </line>
    <line>
      <![CDATA[id1: 5743437607860493615110]]>
    </line>
    <line>
      <![CDATA[id2: 5743437607860493615110]]>
    </line>
    <line>
      <![CDATA[id1: 5743437607860493615111]]>
    </line>
    <line>
      <![CDATA[id2: 5743437607860493615111]]>
    </line>
    <line>
      <![CDATA[id1: 5743437607860493615112]]>
    </line>
    <line>
      <![CDATA[id2: 5743437607860493615112]]>
    </line>
    <line>
      <![CDATA[id1: 5743437607864788582400]]>
    </line>
    <line>
      <![CDATA[id2: 5743437607864788582400]]>
    </line>
    <line>
      <![CDATA[id1: 5743437607864788582401]]>
    </line>
    <line>
      <![CDATA[id2: 5743437607864788582401]]>
    </line>
    <line>
      <![CDATA[id1: 5743437607864788582402]]>
    </line>
    <line>
      <![CDATA[id2: 5743437607864788582402]]>
    </line>
    <line>
      <![CDATA[id1: 5743437607864788582403]]>
    </line>
    <line>
      <![CDATA[id2: 5743437607864788582403]]>
    </line>
    <line>
      <![CDATA[id1: 5743437607864788582404]]>
    </line>
    <line>
      <![CDATA[id2: 5743437607864788582404]]>
    </line>
    <line>
      <![CDATA[id1: 5743437607864788582405]]>
    </line>
    <line>
      <![CDATA[id2: 5743437607864788582405]]>
    </line>
    <line>
      <![CDATA[id1: 5743437607864788582406]]>
    </line>
    <line>
      <![CDATA[id2: 5743437607864788582406]]>
    </line>
    <line>
      <![CDATA[id1: 5743437607864788582407]]>
    </line>
    <line>
      <![CDATA[id2: 5743437607864788582407]]>
    </line>
    <line>
      <![CDATA[id1: 5743437607864788582408]]>
    </line>
    <line>
      <![CDATA[id2: 5743437607864788582408]]>
    </line>
    <line>
      <![CDATA[id1: 5743437607864788582409]]>
    </line>
    <line>
      <![CDATA[id2: 5743437607864788582409]]>
    </line>
    <line>
      <![CDATA[id1: 5743437607869083549696]]>
    </line>
    <line>
      <![CDATA[id2: 5743437607869083549696]]>
    </line>
    <line>
      <![CDATA[id1: 5743437607869083549697]]>
    </line>
    <line>
      <![CDATA[id2: 5743437607869083549697]]>
    </line>
    <line>
      <![CDATA[id1: 5743437607869083549698]]>
    </line>
    <line>
      <![CDATA[id2: 5743437607869083549698]]>
    </line>
    <line>
      <![CDATA[id1: 5743437607869083549699]]>
    </line>
    <line>
      <![CDATA[id2: 5743437607869083549699]]>
    </line>
    <line>
      <![CDATA[id1: 5743437607869083549700]]>
    </line>
    <line>
      <![CDATA[id2: 5743437607869083549700]]>
    </line>
    <line>
      <![CDATA[id1: 5743437607869083549701]]>
    </line>
    <line>
      <![CDATA[id2: 5743437607869083549701]]>
    </line>
    <line>
      <![CDATA[id1: 5743437607869083549702]]>
    </line>
    <line>
      <![CDATA[id2: 5743437607869083549702]]>
    </line>
    <line>
      <![CDATA[id1: 5743437607869083549703]]>
    </line>
    <line>
      <![CDATA[id2: 5743437607869083549703]]>
    </line>
    <line>
      <![CDATA[id1: 5743437607869083549704]]>
    </line>
    <line>
      <![CDATA[id2: 5743437607869083549704]]>
    </line>
    <line>
      <![CDATA[id1: 5743437607869083549705]]>
    </line>
    <line>
      <![CDATA[id2: 5743437607869083549705]]>
    </line>
    <line>
      <![CDATA[id1: 5743437607869083549706]]>
    </line>
    <line>
      <![CDATA[id2: 5743437607869083549706]]>
    </line>
    <line>
      <![CDATA[id1: 5743437607869083549707]]>
    </line>
    <line>
      <![CDATA[id2: 5743437607869083549707]]>
    </line>
    <line>
      <![CDATA[id1: 5743437607873378516992]]>
    </line>
    <line>
      <![CDATA[id2: 5743437607873378516992]]>
    </line>
    <line>
      <![CDATA[id1: 5743437607873378516993]]>
    </line>
    <line>
      <![CDATA[id2: 5743437607873378516993]]>
    </line>
    <line>
      <![CDATA[id1: 5743437607873378516994]]>
    </line>
    <line>
      <![CDATA[id2: 5743437607873378516994]]>
    </line>
    <line>
      <![CDATA[id1: 5743437607873378516995]]>
    </line>
    <line>
      <![CDATA[id2: 5743437607873378516995]]>
    </line>
    <line>
      <![CDATA[id1: 5743437607873378516996]]>
    </line>
    <line>
      <![CDATA[id2: 5743437607873378516996]]>
    </line>
    <line>
      <![CDATA[id1: 5743437607873378516997]]>
    </line>
    <line>
      <![CDATA[id2: 5743437607873378516997]]>
    </line>
    <line>
      <![CDATA[id1: 5743437607873378516998]]>
    </line>
    <line>
      <![CDATA[id2: 5743437607873378516998]]>
    </line>
    <line>
      <![CDATA[id1: 5743437607873378516999]]>
    </line>
    <line>
      <![CDATA[id2: 5743437607873378516999]]>
    </line>
    <line>
      <![CDATA[id1: 5743437607873378517000]]>
    </line>
    <line>
      <![CDATA[id2: 5743437607873378517000]]>
    </line>
    <line>
      <![CDATA[id1: 5743437607873378517001]]>
    </line>
    <line>
      <![CDATA[id2: 5743437607873378517001]]>
    </line>
    <line>
      <![CDATA[id1: 5743437607873378517002]]>
    </line>
    <line>
      <![CDATA[id2: 5743437607873378517002]]>
    </line>
    <line>
      <![CDATA[id1: 5743437607877673484288]]>
    </line>
    <line>
      <![CDATA[id2: 5743437607877673484288]]>
    </line>
    <line>
      <![CDATA[id1: 5743437607877673484289]]>
    </line>
    <line>
      <![CDATA[id2: 5743437607877673484289]]>
    </line>
    <line>
      <![CDATA[id1: 5743437607877673484290]]>
    </line>
    <line>
      <![CDATA[id2: 5743437607877673484290]]>
    </line>
    <line>
      <![CDATA[id1: 5743437607877673484291]]>
    </line>
    <line>
      <![CDATA[id2: 5743437607877673484291]]>
    </line>
    <line>
      <![CDATA[id1: 5743437607877673484292]]>
    </line>
    <line>
      <![CDATA[id2: 5743437607877673484292]]>
    </line>
    <line>
      <![CDATA[id1: 5743437607877673484293]]>
    </line>
    <line>
      <![CDATA[id2: 5743437607877673484293]]>
    </line>
    <line>
      <![CDATA[id1: 5743437607877673484294]]>
    </line>
    <line>
      <![CDATA[id2: 5743437607877673484294]]>
    </line>
    <line>
      <![CDATA[id1: 5743437607877673484295]]>
    </line>
    <line>
      <![CDATA[id2: 5743437607877673484295]]>
    </line>
    <line>
      <![CDATA[id1: 5743437607877673484296]]>
    </line>
    <line>
      <![CDATA[id2: 5743437607877673484296]]>
    </line>
    <line>
      <![CDATA[id1: 5743437607877673484297]]>
    </line>
    <line>
      <![CDATA[id2: 5743437607877673484297]]>
    </line>
    <line>
      <![CDATA[id1: 5743437607877673484298]]>
    </line>
    <line>
      <![CDATA[id2: 5743437607877673484298]]>
    </line>
    <line>
      <![CDATA[id1: 5743437607877673484299]]>
    </line>
    <line>
      <![CDATA[id2: 5743437607877673484299]]>
    </line>
    <line>
      <![CDATA[id1: 5743437607881968451584]]>
    </line>
    <line>
      <![CDATA[id2: 5743437607881968451584]]>
    </line>
    <line>
      <![CDATA[id1: 5743437607881968451585]]>
    </line>
    <line>
      <![CDATA[id2: 5743437607881968451585]]>
    </line>
    <line>
      <![CDATA[id1: 5743437607881968451586]]>
    </line>
    <line>
      <![CDATA[id2: 5743437607881968451586]]>
    </line>
    <line>
      <![CDATA[id1: 5743437607881968451587]]>
    </line>
    <line>
      <![CDATA[id2: 5743437607881968451587]]>
    </line>
    <line>
      <![CDATA[id1: 5743437607881968451588]]>
    </line>
    <line>
      <![CDATA[id2: 5743437607881968451588]]>
    </line>
    <line>
      <![CDATA[id1: 5743437607881968451589]]>
    </line>
    <line>
      <![CDATA[id2: 5743437607881968451589]]>
    </line>
    <line>
      <![CDATA[id1: 5743437607881968451590]]>
    </line>
    <line>
      <![CDATA[id2: 5743437607881968451590]]>
    </line>
    <line>
      <![CDATA[id1: 5743437607881968451591]]>
    </line>
    <line>
      <![CDATA[id2: 5743437607881968451591]]>
    </line>
    <line>
      <![CDATA[id1: 5743437607881968451592]]>
    </line>
    <line>
      <![CDATA[id2: 5743437607881968451592]]>
    </line>
    <line>
      <![CDATA[id1: 5743437607881968451593]]>
    </line>
    <line>
      <![CDATA[id2: 5743437607881968451593]]>
    </line>
    <line>
      <![CDATA[id1: 5743437607881968451594]]>
    </line>
    <line>
      <![CDATA[id2: 5743437607881968451594]]>
    </line>
    <line>
      <![CDATA[id1: 5743437607881968451595]]>
    </line>
    <line>
      <![CDATA[id2: 5743437607881968451595]]>
    </line>
    <line>
      <![CDATA[id1: 5743437607881968451596]]>
    </line>
    <line>
      <![CDATA[id2: 5743437607881968451596]]>
    </line>
    <line>
      <![CDATA[id1: 5743437607881968451597]]>
    </line>
    <line>
      <![CDATA[id2: 5743437607881968451597]]>
    </line>
    <line>
      <![CDATA[id1: 5743437607881968451598]]>
    </line>
    <line>
      <![CDATA[id2: 5743437607881968451598]]>
    </line>
    <line>
      <![CDATA[id1: 5743437607881968451599]]>
    </line>
    <line>
      <![CDATA[id2: 5743437607881968451599]]>
    </line>
    <line>
      <![CDATA[id1: 5743437607881968451600]]>
    </line>
    <line>
      <![CDATA[id2: 5743437607881968451600]]>
    </line>
    <line>
      <![CDATA[id1: 5743437607886263418880]]>
    </line>
    <line>
      <![CDATA[id2: 5743437607886263418880]]>
    </line>
    <line>
      <![CDATA[id1: 5743437607886263418881]]>
    </line>
    <line>
      <![CDATA[id2: 5743437607886263418881]]>
    </line>
    <line>
      <![CDATA[id1: 5743437607886263418882]]>
    </line>
    <line>
      <![CDATA[id2: 5743437607886263418882]]>
    </line>
    <line>
      <![CDATA[id1: 5743437607886263418883]]>
    </line>
    <line>
      <![CDATA[id2: 5743437607886263418883]]>
    </line>
    <line>
      <![CDATA[id1: 5743437607886263418884]]>
    </line>
    <line>
      <![CDATA[id2: 5743437607886263418884]]>
    </line>
    <line>
      <![CDATA[id1: 5743437607886263418885]]>
    </line>
    <line>
      <![CDATA[id2: 5743437607886263418885]]>
    </line>
    <line>
      <![CDATA[id1: 5743437607886263418886]]>
    </line>
    <line>
      <![CDATA[id2: 5743437607886263418886]]>
    </line>
    <line>
      <![CDATA[id1: 5743437607886263418887]]>
    </line>
    <line>
      <![CDATA[id2: 5743437607886263418887]]>
    </line>
    <line>
      <![CDATA[id1: 5743437607886263418888]]>
    </line>
    <line>
      <![CDATA[id2: 5743437607886263418888]]>
    </line>
    <line>
      <![CDATA[id1: 5743437607886263418889]]>
    </line>
    <line>
      <![CDATA[id2: 5743437607886263418889]]>
    </line>
    <line>
      <![CDATA[id1: 5743437607886263418890]]>
    </line>
    <line>
      <![CDATA[id2: 5743437607886263418890]]>
    </line>
    <line>
      <![CDATA[id1: 5743437607886263418891]]>
    </line>
    <line>
      <![CDATA[id2: 5743437607886263418891]]>
    </line>
    <line>
      <![CDATA[id1: 5743437607886263418892]]>
    </line>
    <line>
      <![CDATA[id2: 5743437607886263418892]]>
    </line>
    <line>
      <![CDATA[id1: 5743437607886263418893]]>
    </line>
    <line>
      <![CDATA[id2: 5743437607886263418893]]>
    </line>
    <line>
      <![CDATA[id1: 5743437607886263418894]]>
    </line>
    <line>
      <![CDATA[id2: 5743437607886263418894]]>
    </line>
    <line>
      <![CDATA[id1: 5743437607886263418895]]>
    </line>
    <line>
      <![CDATA[id2: 5743437607886263418895]]>
    </line>
    <line>
      <![CDATA[id1: 5743437607886263418896]]>
    </line>
    <line>
      <![CDATA[id2: 5743437607886263418896]]>
    </line>
    <line>
      <![CDATA[id1: 5743437607890558386176]]>
    </line>
    <line>
      <![CDATA[id2: 5743437607890558386176]]>
    </line>
    <line>
      <![CDATA[id1: 5743437607890558386177]]>
    </line>
    <line>
      <![CDATA[id2: 5743437607890558386177]]>
    </line>
    <line>
      <![CDATA[id1: 5743437607916328189952]]>
    </line>
    <line>
      <![CDATA[id2: 5743437607916328189952]]>
    </line>
    <line>
      <![CDATA[id1: 5743437607916328189953]]>
    </line>
    <line>
      <![CDATA[id2: 5743437607916328189953]]>
    </line>
    <line>
      <![CDATA[id1: 5743437607916328189954]]>
    </line>
    <line>
      <![CDATA[id2: 5743437607916328189954]]>
    </line>
    <line>
      <![CDATA[id1: 5743437607916328189955]]>
    </line>
    <line>
      <![CDATA[id2: 5743437607916328189955]]>
    </line>
    <line>
      <![CDATA[id1: 5743437607916328189956]]>
    </line>
    <line>
[...]
    <line>
      <![CDATA[id1: 000001375a355b840000000b]]>
    </line>
    <line>
      <![CDATA[id2: 000001375a355b840000000b]]>
    </line>
    <line>
      <![CDATA[id1: 000001375a355b840000000c]]>
    </line>
    <line>
      <![CDATA[id2: 000001375a355b840000000c]]>
    </line>
    <line>
      <![CDATA[id1: 000001375a355b840000000d]]>
    </line>
    <line>
      <![CDATA[id2: 000001375a355b840000000d]]>
    </line>
    <line>
      <![CDATA[id1: 000001375a355b840000000e]]>
    </line>
    <line>
      <![CDATA[id2: 000001375a355b840000000e]]>
    </line>
    <line>
      <![CDATA[id1: 000001375a355b840000000f]]>
    </line>
    <line>
      <![CDATA[id2: 000001375a355b840000000f]]>
    </line>
    <line>
      <![CDATA[id1: 000001375a355b8400000010]]>
    </line>
    <line>
      <![CDATA[id2: 000001375a355b8400000010]]>
    </line>
    <line>
      <![CDATA[id1: 000001375a355b8400000011]]>
    </line>
    <line>
      <![CDATA[id2: 000001375a355b8400000011]]>
    </line>
    <line>
      <![CDATA[id1: 000001375a355b8400000012]]>
    </line>
    <line>
      <![CDATA[id2: 000001375a355b8400000012]]>
    </line>
    <line>
      <![CDATA[id1: 000001375a355b8400000013]]>
    </line>
    <line>
      <![CDATA[id2: 000001375a355b8400000013]]>
    </line>
    <line>
      <![CDATA[id1: 000001375a355b8400000014]]>
    </line>
    <line>
      <![CDATA[id2: 000001375a355b8400000014]]>
    </line>
    <line>
      <![CDATA[id1: 000001375a355b8400000015]]>
    </line>
    <line>
      <![CDATA[id2: 000001375a355b8400000015]]>
    </line>
    <line>
      <![CDATA[id1: 000001375a355b8400000016]]>
    </line>
    <line>
      <![CDATA[id2: 000001375a355b8400000016]]>
    </line>
    <line>
      <![CDATA[id1: 000001375a355b8400000017]]>
    </line>
    <line>
      <![CDATA[id2: 000001375a355b8400000017]]>
    </line>
    <line>
      <![CDATA[id1: 000001375a355b8400000018]]>
    </line>
    <line>
      <![CDATA[id2: 000001375a355b8400000018]]>
    </line>
    <line>
      <![CDATA[id1: 000001375a355b8400000019]]>
    </line>
    <line>
      <![CDATA[id2: 000001375a355b8400000019]]>
    </line>
    <line>
      <![CDATA[id1: 000001375a355b840000001a]]>
    </line>
    <line>
      <![CDATA[id2: 000001375a355b840000001a]]>
    </line>
    <line>
      <![CDATA[id1: 000001375a355b840000001b]]>
    </line>
    <line>
      <![CDATA[id2: 000001375a355b840000001b]]>
    </line>
    <line>
      <![CDATA[id1: 000001375a355b840000001c]]>
    </line>
    <line>
      <![CDATA[id2: 000001375a355b840000001c]]>
    </line>
    <line>
      <![CDATA[id1: 000001375a355b840000001d]]>
    </line>
    <line>
      <![CDATA[id2: 000001375a355b840000001d]]>
    </line>
    <line>
      <![CDATA[id1: 000001375a355b8500000000]]>
    </line>
    <line>
      <![CDATA[id2: 000001375a355b8500000000]]>
    </line>
    <line>
      <![CDATA[id1: 000001375a355b8500000001]]>
    </line>
    <line>
      <![CDATA[id2: 000001375a355b8500000001]]>
    </line>
    <line>
      <![CDATA[id1: 000001375a355b8500000002]]>
    </line>
    <line>
      <![CDATA[id2: 000001375a355b8500000002]]>
    </line>
    <line>
      <![CDATA[id1: 000001375a355b8500000003]]>
    </line>
    <line>
      <![CDATA[id2: 000001375a355b8500000003]]>
    </line>
    <line>
      <![CDATA[id1: 000001375a355b8500000004]]>
    </line>
    <line>
      <![CDATA[id2: 000001375a355b8500000004]]>
    </line>
    <line>
      <![CDATA[id1: 000001375a355b8500000005]]>
    </line>
    <line>
      <![CDATA[id2: 000001375a355b8500000005]]>
    </line>
    <line>
      <![CDATA[id1: 000001375a355b8500000006]]>
    </line>
    <line>
      <![CDATA[id2: 000001375a355b8500000006]]>
    </line>
    <line>
      <![CDATA[id1: 000001375a355b8500000007]]>
    </line>
    <line>
      <![CDATA[id2: 000001375a355b8500000007]]>
    </line>
    <line>
      <![CDATA[id1: 000001375a355b8500000008]]>
    </line>
    <line>
      <![CDATA[id2: 000001375a355b8500000008]]>
    </line>
    <line>
      <![CDATA[id1: 000001375a355b8500000009]]>
    </line>
    <line>
      <![CDATA[id2: 000001375a355b8500000009]]>
    </line>
    <line>
      <![CDATA[id1: 000001375a355b850000000a]]>
    </line>
    <line>
      <![CDATA[id2: 000001375a355b850000000a]]>
    </line>
    <line>
      <![CDATA[id1: 000001375a355b850000000b]]>
    </line>
    <line>
      <![CDATA[id2: 000001375a355b850000000b]]>
    </line>
    <line>
      <![CDATA[id1: 000001375a355b850000000c]]>
    </line>
    <line>
      <![CDATA[id2: 000001375a355b850000000c]]>
    </line>
    <line>
      <![CDATA[id1: 000001375a355b850000000d]]>
    </line>
    <line>
      <![CDATA[id2: 000001375a355b850000000d]]>
    </line>
    <line>
      <![CDATA[id1: 000001375a355b850000000e]]>
    </line>
    <line>
      <![CDATA[id2: 000001375a355b850000000e]]>
    </line>
    <line>
      <![CDATA[id1: 000001375a355b850000000f]]>
    </line>
    <line>
      <![CDATA[id2: 000001375a355b850000000f]]>
    </line>
    <line>
      <![CDATA[id1: 000001375a355b8500000010]]>
    </line>
    <line>
      <![CDATA[id2: 000001375a355b8500000010]]>
    </line>
    <line>
      <![CDATA[id1: 000001375a355b8500000011]]>
    </line>
    <line>
      <![CDATA[id2: 000001375a355b8500000011]]>
    </line>
    <line>
      <![CDATA[id1: 000001375a355b8500000012]]>
    </line>
    <line>
      <![CDATA[id2: 000001375a355b8500000012]]>
    </line>
    <line>
      <![CDATA[id1: 000001375a355b8500000013]]>
    </line>
    <line>
      <![CDATA[id2: 000001375a355b8500000013]]>
    </line>
    <line>
      <![CDATA[id1: 000001375a355b8500000014]]>
    </line>
    <line>
      <![CDATA[id2: 000001375a355b8500000014]]>
    </line>
    <line>
      <![CDATA[id1: 000001375a355b8500000015]]>
    </line>
    <line>
      <![CDATA[id2: 000001375a355b8500000015]]>
    </line>
    <line>
      <![CDATA[id1: 000001375a355b8500000016]]>
    </line>
    <line>
      <![CDATA[id2: 000001375a355b8500000016]]>
    </line>
    <line>
      <![CDATA[id1: 000001375a355b8500000017]]>
    </line>
    <line>
      <![CDATA[id2: 000001375a355b8500000017]]>
    </line>
    <line>
      <![CDATA[id1: 000001375a355b8500000018]]>
    </line>
    <line>
      <![CDATA[id2: 000001375a355b8500000018]]>
    </line>
    <line>
      <![CDATA[id1: 000001375a355b8500000019]]>
    </line>
    <line>
      <![CDATA[id2: 000001375a355b8500000019]]>
    </line>
    <line>
      <![CDATA[id1: 000001375a355b850000001a]]>
    </line>
    <line>
      <![CDATA[id2: 000001375a355b850000001a]]>
    </line>
    <line>
      <![CDATA[id1: 000001375a355b850000001b]]>
    </line>
    <line>
      <![CDATA[id2: 000001375a355b850000001b]]>
    </line>
    <line>
      <![CDATA[id1: 000001375a355b850000001c]]>
    </line>
    <line>
      <![CDATA[id2: 000001375a355b850000001c]]>
    </line>
    <line>
      <![CDATA[id1: 000001375a355b850000001d]]>
    </line>
    <line>
      <![CDATA[id2: 000001375a355b850000001d]]>
    </line>
    <line>
      <![CDATA[id1: 000001375a355b8600000000]]>
    </line>
    <line>
      <![CDATA[id2: 000001375a355b8600000000]]>
    </line>
    <line>
      <![CDATA[id1: 000001375a355b8600000001]]>
    </line>
    <line>
      <![CDATA[id2: 000001375a355b8600000001]]>
    </line>
    <line>
      <![CDATA[id1: 000001375a355b8600000002]]>
    </line>
    <line>
      <![CDATA[id2: 000001375a355b8600000002]]>
    </line>
    <line>
      <![CDATA[id1: 000001375a355b8600000003]]>
    </line>
    <line>
      <![CDATA[id2: 000001375a355b8600000003]]>
    </line>
    <line>
      <![CDATA[id1: 000001375a355b8600000004]]>
    </line>
    <line>
      <![CDATA[id2: 000001375a355b8600000004]]>
    </line>
    <line>
      <![CDATA[id1: 000001375a355b8600000005]]>
    </line>
    <line>
      <![CDATA[id2: 000001375a355b8600000005]]>
    </line>
    <line>
      <![CDATA[id1: 000001375a355b8600000006]]>
    </line>
    <line>
      <![CDATA[id2: 000001375a355b8600000006]]>
    </line>
    <line>
      <![CDATA[id1: 000001375a355b8600000007]]>
    </line>
    <line>
      <![CDATA[id2: 000001375a355b8600000007]]>
    </line>
    <line>
      <![CDATA[id1: 000001375a355b8600000008]]>
    </line>
    <line>
      <![CDATA[id2: 000001375a355b8600000008]]>
    </line>
    <line>
      <![CDATA[id1: 000001375a355b8600000009]]>
    </line>
    <line>
      <![CDATA[id2: 000001375a355b8600000009]]>
    </line>
    <line>
      <![CDATA[id1: 000001375a355b860000000a]]>
    </line>
    <line>
      <![CDATA[id2: 000001375a355b860000000a]]>
    </line>
    <line>
      <![CDATA[id1: 000001375a355b860000000b]]>
    </line>
    <line>
      <![CDATA[id2: 000001375a355b860000000b]]>
    </line>
    <line>
      <![CDATA[id1: 000001375a355b860000000c]]>
    </line>
    <line>
      <![CDATA[id2: 000001375a355b860000000c]]>
    </line>
    <line>
      <![CDATA[id1: 000001375a355b860000000d]]>
    </line>
    <line>
      <![CDATA[id2: 000001375a355b860000000d]]>
    </line>
    <line>
      <![CDATA[id1: 000001375a355b860000000e]]>
    </line>
    <line>
      <![CDATA[id2: 000001375a355b860000000e]]>
    </line>
    <line>
      <![CDATA[id1: 000001375a355b860000000f]]>
    </line>
    <line>
      <![CDATA[id2: 000001375a355b860000000f]]>
    </line>
    <line>
      <![CDATA[id1: 000001375a355b8600000010]]>
    </line>
    <line>
      <![CDATA[id2: 000001375a355b8600000010]]>
    </line>
    <line>
      <![CDATA[id1: 000001375a355b8600000011]]>
    </line>
    <line>
      <![CDATA[id2: 000001375a355b8600000011]]>
    </line>
    <line>
      <![CDATA[id1: 000001375a355b8600000012]]>
    </line>
    <line>
      <![CDATA[id2: 000001375a355b8600000012]]>
    </line>
    <line>
      <![CDATA[id1: 000001375a355b8600000013]]>
    </line>
    <line>
      <![CDATA[id2: 000001375a355b8600000013]]>
    </line>
    <line>
      <![CDATA[id1: 000001375a355b8600000014]]>
    </line>
    <line>
      <![CDATA[id2: 000001375a355b8600000014]]>
    </line>
    <line>
      <![CDATA[id1: 000001375a355b8600000015]]>
    </line>
    <line>
      <![CDATA[id2: 000001375a355b8600000015]]>
    </line>
    <line>
      <![CDATA[id1: 000001375a355b8600000016]]>
    </line>
    <line>
      <![CDATA[id2: 000001375a355b8600000016]]>
    </line>
    <line>
      <![CDATA[id1: 000001375a355b8600000017]]>
    </line>
    <line>
      <![CDATA[id2: 000001375a355b8600000017]]>
    </line>
    <line>
      <![CDATA[id1: 000001375a355b8600000018]]>
    </line>
    <line>
      <![CDATA[id2: 000001375a355b8600000018]]>
    </line>
    <line>
      <![CDATA[id1: 000001375a355b8600000019]]>
    </line>
    <line>
      <![CDATA[id2: 000001375a355b8600000019]]>
    </line>
    <line>
      <![CDATA[id1: 000001375a355b860000001a]]>
    </line>
    <line>
      <![CDATA[id2: 000001375a355b860000001a]]>
    </line>
    <line>
      <![CDATA[id1: 000001375a355b860000001b]]>
    </line>
    <line>
      <![CDATA[id2: 000001375a355b860000001b]]>
    </line>
    <line>
      <![CDATA[id1: 000001375a355b860000001c]]>
    </line>
    <line>
      <![CDATA[id2: 000001375a355b860000001c]]>
    </line>
    <line>
      <![CDATA[id1: 000001375a355b860000001d]]>
    </line>
    <line>
      <![CDATA[id2: 000001375a355b860000001d]]>
    </line>
    <line>
      <![CDATA[id1: 000001375a355b860000001e]]>
    </line>
    <line>
      <![CDATA[id2: 000001375a355b860000001e]]>
    </line>
    <line>
      <![CDATA[id1: 000001375a355b8700000000]]>
    </line>
    <line>
      <![CDATA[id2: 000001375a355b8700000000]]>
    </line>
    <line>
      <![CDATA[id1: 000001375a355b8700000001]]>
    </line>
    <line>
      <![CDATA[id2: 000001375a355b8700000001]]>
    </line>
    <line>
      <![CDATA[id1: 000001375a355b8700000002]]>
    </line>
    <line>
      <![CDATA[id2: 000001375a355b8700000002]]>
    </line>
    <line>
      <![CDATA[id1: 000001375a355b8700000003]]>
    </line>
    <line>
      <![CDATA[id2: 000001375a355b8700000003]]>
    </line>
    <line>
      <![CDATA[id1: 000001375a355b8700000004]]>
    </line>
    <line>
      <![CDATA[id2: 000001375a355b8700000004]]>
    </line>
    <line>
      <![CDATA[id1: 000001375a355b8700000005]]>
    </line>
    <line>
      <![CDATA[id2: 000001375a355b8700000005]]>
    </line>
    <line>
      <![CDATA[id1: 000001375a355b8700000006]]>
    </line>
    <line>
      <![CDATA[id2: 000001375a355b8700000006]]>
    </line>
    <line>
      <![CDATA[id1: 000001375a355b8700000007]]>
    </line>
    <line>
      <![CDATA[id2: 000001375a355b8700000007]]>
    </line>
    <line>
      <![CDATA[id1: 000001375a355b8700000008]]>
    </line>
    <line>
      <![CDATA[id2: 000001375a355b8700000008]]>
    </line>
    <line>
      <![CDATA[id1: 000001375a355b8700000009]]>
    </line>
    <line>
      <![CDATA[id2: 000001375a355b8700000009]]>
    </line>
    <line>
      <![CDATA[id1: 000001375a355b870000000a]]>
    </line>
    <line>
      <![CDATA[id2: 000001375a355b870000000a]]>
    </line>
    <line>
      <![CDATA[id1: 000001375a355b870000000b]]>
    </line>
    <line>
      <![CDATA[id2: 000001375a355b870000000b]]>
    </line>
    <line>
      <![CDATA[id1: 000001375a355b870000000c]]>
    </line>
    <line>
      <![CDATA[id2: 000001375a355b870000000c]]>
    </line>
    <line>
      <![CDATA[id1: 000001375a355b870000000d]]>
    </line>
    <line>
      <![CDATA[id2: 000001375a355b870000000d]]>
    </line>
    <line>
      <![CDATA[id1: 000001375a355b870000000e]]>
    </line>
    <line>
      <![CDATA[id2: 000001375a355b870000000e]]>
    </line>
    <line>
      <![CDATA[id1: 000001375a355b870000000f]]>
    </line>
    <line>
      <![CDATA[id2: 000001375a355b870000000f]]>
    </line>
    <line>
      <![CDATA[id1: 000001375a355b8700000010]]>
    </line>
    <line>
      <![CDATA[id2: 000001375a355b8700000010]]>
    </line>
    <line>
      <![CDATA[id1: 000001375a355b8700000011]]>
    </line>
    <line>
      <![CDATA[id2: 000001375a355b8700000011]]>
    </line>
    <line>
      <![CDATA[id1: 000001375a355b8700000012]]>
    </line>
    <line>
      <![CDATA[id2: 000001375a355b8700000012]]>
    </line>
    <line>
      <![CDATA[id1: 000001375a355b8700000013]]>
    </line>
    <line>
      <![CDATA[id2: 000001375a355b8700000013]]>
    </line>
    <line>
      <![CDATA[id1: 000001375a355b8700000014]]>
    </line>
    <line>
      <![CDATA[id2: 000001375a355b8700000014]]>
    </line>
    <line>
      <![CDATA[id1: 000001375a355b8700000015]]>
    </line>
    <line>
      <![CDATA[id2: 000001375a355b8700000015]]>
    </line>
    <line>
      <![CDATA[id1: 000001375a355b8700000016]]>
    </line>
    <line>
      <![CDATA[id2: 000001375a355b8700000016]]>
    </line>
    <line>
      <![CDATA[id1: 000001375a355b8700000017]]>
    </line>
    <line>
      <![CDATA[id2: 000001375a355b8700000017]]>
    </line>
    <line>
      <![CDATA[id1: 000001375a355b8700000018]]>
    </line>
    <line>
      <![CDATA[id2: 000001375a355b8700000018]]>
    </line>
    <line>
      <![CDATA[id1: 000001375a355b8700000019]]>
    </line>
    <line>
      <![CDATA[id2: 000001375a355b8700000019]]>
    </line>
    <line>
      <![CDATA[id1: 000001375a355b870000001a]]>
    </line>
    <line>
      <![CDATA[id2: 000001375a355b870000001a]]>
    </line>
    <line>
      <![CDATA[id1: 000001375a355b870000001b]]>
    </line>
    <line>
      <![CDATA[id2: 000001375a355b870000001b]]>
    </line>
    <line>
      <![CDATA[id1: 000001375a355b870000001c]]>
    </line>
    <line>
      <![CDATA[id2: 000001375a355b870000001c]]>
    </line>
    <line>
      <![CDATA[id1: 000001375a355b870000001d]]>
    </line>
    <line>
      <![CDATA[id2: 000001375a355b870000001d]]>
    </line>
    <line>
      <![CDATA[id1: 000001375a355b8800000000]]>
    </line>
    <line>
      <![CDATA[id2: 000001375a355b8800000000]]>
    </line>
    <line>
      <![CDATA[id1: 000001375a355b8800000001]]>
    </line>
    <line>
      <![CDATA[id2: 000001375a355b8800000001]]>
    </line>
    <line>
      <![CDATA[id1: 000001375a355b8800000002]]>
    </line>
    <line>
      <![CDATA[id2: 000001375a355b8800000002]]>
    </line>
    <line>
      <![CDATA[id1: 000001375a355b8800000003]]>
    </line>
    <line>
      <![CDATA[id2: 000001375a355b8800000003]]>
    </line>
    <line>
      <![CDATA[id1: 000001375a355b8800000004]]>
    </line>
    <line>
      <![CDATA[id2: 000001375a355b8800000004]]>
    </line>
    <line>
      <![CDATA[id1: 000001375a355b8800000005]]>
    </line>
    <line>
      <![CDATA[id2: 000001375a355b8800000005]]>
    </line>
    <line>
      <![CDATA[id1: 000001375a355b8800000006]]>
    </line>
    <line>
      <![CDATA[id2: 000001375a355b8800000006]]>
    </line>
    <line>
      <![CDATA[id1: 000001375a355b8800000007]]>
    </line>
    <line>
      <![CDATA[id2: 000001375a355b8800000007]]>
    </line>
    <line>
      <![CDATA[id1: 000001375a355b8800000008]]>
    </line>
    <line>
      <![CDATA[id2: 000001375a355b8800000008]]>
    </line>
    <line>
      <![CDATA[idInfo: IDInfo{timestamp=1337248275519, region=0, reserved=0, node=0, sequence=0}]]>
    </line>
    <line>
      <![CDATA[idInfo: IDInfo{timestamp=1337248275522, region=0, reserved=0, node=0, sequence=0}]]>
    </line>
    <line>
      <![CDATA[id: 5743437610007977263104]]>
    </line>
    <line>
      <![CDATA[idInfo: IDInfo{timestamp=1337248275526, region=15, reserved=0, node=0, sequence=0}]]>
    </line>
  </reporter-output>
  <suite name="Command line suite" duration-ms="682" started-at="2012-05-17T17:51:14Z" finished-at="2012-05-17T17:51:15Z">
    <groups>
      <group name="unit">
        <method signature="com.riderzen.id.IDClientTest.testBatchGenerate()" name="testBatchGenerate" class="com.riderzen.id.IDClientTest"/>
        <method signature="com.riderzen.id.IDClientTest.testBatchGenerateHex()" name="testBatchGenerateHex" class="com.riderzen.id.IDClientTest"/>
        <method signature="com.riderzen.id.IDClientTest.testDecode()" name="testDecode" class="com.riderzen.id.IDClientTest"/>
        <method signature="com.riderzen.id.IDClientTest.testDecodeHex()" name="testDecodeHex" class="com.riderzen.id.IDClientTest"/>
        <method signature="com.riderzen.id.IDClientTest.testGenerate()" name="testGenerate" class="com.riderzen.id.IDClientTest"/>
        <method signature="com.riderzen.id.IDClientTest.testGenerateWithRegion()" name="testGenerateWithRegion" class="com.riderzen.id.IDClientTest"/>
      </group>
    </groups>
    <test name="Command line test" duration-ms="682" started-at="2012-05-17T17:51:14Z" finished-at="2012-05-17T17:51:15Z">
      <class name="com.riderzen.id.IDClientTest">
        <test-method status="PASS" signature="init()" name="init" is-config="true" duration-ms="103" started-at="2012-05-17T17:51:14Z" finished-at="2012-05-17T17:51:14Z">
        </test-method>
        <test-method status="PASS" signature="testBatchGenerate()" name="testBatchGenerate" duration-ms="302" started-at="2012-05-17T17:51:14Z" finished-at="2012-05-17T17:51:15Z">
        </test-method>
        <test-method status="PASS" signature="testBatchGenerateHex()" name="testBatchGenerateHex" duration-ms="256" started-at="2012-05-17T17:51:15Z" finished-at="2012-05-17T17:51:15Z">
        </test-method>
        <test-method status="PASS" signature="testDecode()" name="testDecode" duration-ms="2" started-at="2012-05-17T17:51:15Z" finished-at="2012-05-17T17:51:15Z">
        </test-method>
        <test-method status="PASS" signature="testDecodeHex()" name="testDecodeHex" duration-ms="0" started-at="2012-05-17T17:51:15Z" finished-at="2012-05-17T17:51:15Z">
        </test-method>
        <test-method status="PASS" signature="testGenerate()" name="testGenerate" duration-ms="0" started-at="2012-05-17T17:51:15Z" finished-at="2012-05-17T17:51:15Z">
        </test-method>
        <test-method status="PASS" signature="testGenerateWithRegion()" name="testGenerateWithRegion" duration-ms="0" started-at="2012-05-17T17:51:15Z" finished-at="2012-05-17T17:51:15Z">
        </test-method>
      </class>
    </test>
  </suite>
</testng-results>
