<?xml version="1.0" encoding="UTF-8" ?>
<testsuite failures="0" time="1.077" errors="0" skipped="0" tests="6" name="TestSuite">
  <properties>
[...]
</properties>
  <testcase time="0.302" classname="com.riderzen.id.IDClientTest" name="testBatchGenerate"/>
  <testcase time="0.256" classname="com.riderzen.id.IDClientTest" name="testBatchGenerateHex"/>
  <testcase time="0.002" classname="com.riderzen.id.IDClientTest" name="testDecode"/>
  <testcase time="0.001" classname="com.riderzen.id.IDClientTest" name="testDecodeHex"/>
  <testcase time="0" classname="com.riderzen.id.IDClientTest" name="testGenerate"/>
  <testcase time="0" classname="com.riderzen.id.IDClientTest" name="testGenerateWithRegion"/>
</testsuite>